[INFORMATION]
DATE=5/8/2017
TIME START=2:07:37 PM
TIME END=2:10:45 PM
USED TIME=03:08
TESTER NUMBER=
CUSTOMER=
PRODUCT=
USER=
TRAYID=AW0006380J
LOTNUMBER=
DOCCONTROL1=
DOCCONTROL2=
SUS=
ASSYLINE=


[SERIAL]
HGAN1=????????
HGAN2=????????
HGAN3=????????
HGAN4=????????
HGAN5=????????
HGAN6=????????
HGAN7=????????
HGAN8=????????
HGAN9=????????
HGAN10=????????
HGAN11=????????
HGAN12=????????
HGAN13=????????
HGAN14=????????
HGAN15=????????
HGAN16=????????
HGAN17=????????
HGAN18=????????
HGAN19=????????
HGAN20=????????
HGAN21=
HGAN22=
HGAN23=
HGAN24=
HGAN25=
HGAN26=
HGAN27=
HGAN28=
HGAN29=
HGAN30=
HGAN31=
HGAN32=
HGAN33=
HGAN34=
HGAN35=
HGAN36=
HGAN37=
HGAN38=
HGAN39=
HGAN40=
HGAN41=
HGAN42=
HGAN43=
HGAN44=
HGAN45=
HGAN46=
HGAN47=
HGAN48=
HGAN49=
HGAN50=
HGAN51=
HGAN52=
HGAN53=
HGAN54=
HGAN55=
HGAN56=
HGAN57=
HGAN58=
HGAN59=
HGAN60=
