01/19/2017 15:05:48    OnConnected
01/19/2017 15:05:48    OnSECsCommNotification
01/19/2017 15:05:48    ProcessInStream
01/19/2017 15:05:49    ProcessInStream
01/19/2017 15:05:49    ReplyOutStream
01/19/2017 15:05:49    CreateXMLText
01/19/2017 15:05:53    ProcessInStream
01/19/2017 15:05:53    ReplyOutStream
01/19/2017 15:05:53    CreateXMLText
01/19/2017 15:06:10    ProcessInStream
01/19/2017 15:06:10    ReplyOutStream
01/19/2017 15:06:10    CreateXMLText
01/19/2017 15:06:11    ProcessInStream
01/19/2017 15:06:11    ReplyOutStream
01/19/2017 15:06:11    CreateXMLText
01/19/2017 15:06:14    OnDisconnected
01/19/2017 15:06:14    OnSECsCommNotification
01/19/2017 15:17:06    OnConnected
01/19/2017 15:17:06    OnSECsCommNotification
01/19/2017 15:17:06    ProcessInStream
01/19/2017 15:17:07    ProcessInStream
01/19/2017 15:17:07    ReplyOutStream
01/19/2017 15:17:07    CreateXMLText
01/19/2017 15:17:07    ProcessInStream
01/19/2017 15:17:07    ReplyOutStream
01/19/2017 15:17:07    CreateXMLText
01/19/2017 15:17:08    ProcessInStream
01/19/2017 15:17:08    ReplyOutStream
01/19/2017 15:17:08    CreateXMLText
01/19/2017 15:17:12    ProcessInStream
01/19/2017 15:17:12    ReplyOutStream
01/19/2017 15:17:12    CreateXMLText
01/19/2017 15:17:13    ProcessInStream
01/19/2017 15:17:13    ReplyOutStream
01/19/2017 15:17:13    CreateXMLText
01/19/2017 15:17:15    ProcessInStream
01/19/2017 15:17:15    ReplyOutStream
01/19/2017 15:17:15    CreateXMLText
01/19/2017 15:17:15    ProcessInStream
01/19/2017 15:17:15    ReplyOutStream
01/19/2017 15:17:15    CreateXMLText
01/19/2017 15:17:17    ProcessInStream
01/19/2017 15:17:17    ReplyOutStream
01/19/2017 15:17:17    CreateXMLText
01/19/2017 15:17:17    ProcessInStream
01/19/2017 15:17:17    ReplyOutStream
01/19/2017 15:17:17    CreateXMLText
01/19/2017 15:17:18    ProcessInStream
01/19/2017 15:17:19    ReplyOutStream
01/19/2017 15:17:19    CreateXMLText
01/19/2017 15:17:20    ProcessInStream
01/19/2017 15:17:20    ReplyOutStream
01/19/2017 15:17:20    CreateXMLText
01/19/2017 15:17:21    ProcessInStream
01/19/2017 15:17:21    ReplyOutStream
01/19/2017 15:17:21    CreateXMLText
01/19/2017 15:17:22    ProcessInStream
01/19/2017 15:17:22    ReplyOutStream
01/19/2017 15:17:22    CreateXMLText
01/19/2017 15:17:28    ProcessInStream
01/19/2017 15:17:28    ReplyOutStream
01/19/2017 15:17:28    CreateXMLText
01/19/2017 15:17:28    ProcessInStream
01/19/2017 15:17:28    ReplyOutStream
01/19/2017 15:17:28    CreateXMLText
01/19/2017 15:17:29    ProcessInStream
01/19/2017 15:17:29    ReplyOutStream
01/19/2017 15:17:29    CreateXMLText
01/19/2017 15:17:30    ProcessInStream
01/19/2017 15:17:30    ReplyOutStream
01/19/2017 15:17:30    CreateXMLText
01/19/2017 15:17:42    OnDisconnected
01/19/2017 15:17:42    OnSECsCommNotification
01/19/2017 15:20:06    OnConnected
01/19/2017 15:20:06    OnSECsCommNotification
01/19/2017 15:20:07    ProcessInStream
01/19/2017 15:20:07    ProcessInStream
01/19/2017 15:20:07    ReplyOutStream
01/19/2017 15:20:07    CreateXMLText
01/19/2017 15:20:08    ProcessInStream
01/19/2017 15:20:08    ReplyOutStream
01/19/2017 15:20:08    CreateXMLText
01/19/2017 15:20:09    ProcessInStream
01/19/2017 15:20:09    ReplyOutStream
01/19/2017 15:20:09    CreateXMLText
01/19/2017 15:20:09    ProcessInStream
01/19/2017 15:20:09    ReplyOutStream
01/19/2017 15:20:09    CreateXMLText
01/19/2017 15:20:10    ProcessInStream
01/19/2017 15:20:10    ReplyOutStream
01/19/2017 15:20:10    CreateXMLText
01/19/2017 15:20:10    ProcessInStream
01/19/2017 15:20:10    ReplyOutStream
01/19/2017 15:20:10    CreateXMLText
01/19/2017 15:20:11    ProcessInStream
01/19/2017 15:20:11    ReplyOutStream
01/19/2017 15:20:11    CreateXMLText
01/19/2017 15:20:12    ProcessInStream
01/19/2017 15:20:12    ReplyOutStream
01/19/2017 15:20:12    CreateXMLText
01/19/2017 15:20:13    ProcessInStream
01/19/2017 15:20:13    ReplyOutStream
01/19/2017 15:20:13    CreateXMLText
01/19/2017 15:20:14    ProcessInStream
01/19/2017 15:20:14    ReplyOutStream
01/19/2017 15:20:14    CreateXMLText
01/19/2017 15:20:14    ProcessInStream
01/19/2017 15:20:14    ReplyOutStream
01/19/2017 15:20:14    CreateXMLText
01/19/2017 15:20:15    ProcessInStream
01/19/2017 15:20:15    ReplyOutStream
01/19/2017 15:20:15    CreateXMLText
01/19/2017 15:20:16    ProcessInStream
01/19/2017 15:20:16    ReplyOutStream
01/19/2017 15:20:16    CreateXMLText
01/19/2017 15:20:17    ProcessInStream
01/19/2017 15:20:17    ReplyOutStream
01/19/2017 15:20:17    CreateXMLText
01/19/2017 15:20:18    ProcessInStream
01/19/2017 15:20:23    ReplyOutStream
01/19/2017 15:20:23    CreateXMLText
01/19/2017 15:20:32    ProcessInStream
01/19/2017 15:20:32    ReplyOutStream
01/19/2017 15:20:32    CreateXMLText
01/19/2017 15:20:32    ProcessInStream
01/19/2017 15:20:32    ReplyOutStream
01/19/2017 15:20:32    CreateXMLText
01/19/2017 15:20:34    ProcessInStream
01/19/2017 15:20:34    ReplyOutStream
01/19/2017 15:20:34    CreateXMLText
01/19/2017 15:20:35    ProcessInStream
01/19/2017 15:20:35    ReplyOutStream
01/19/2017 15:20:35    CreateXMLText
01/19/2017 15:20:36    ProcessInStream
01/19/2017 15:20:36    ReplyOutStream
01/19/2017 15:20:36    CreateXMLText
01/19/2017 15:20:36    ProcessInStream
01/19/2017 15:20:36    ReplyOutStream
01/19/2017 15:20:36    CreateXMLText
01/19/2017 15:21:59    OnDisconnected
01/19/2017 15:21:59    OnSECsCommNotification
