03/29/2017 18:07:54    HSMSServer
03/29/2017 18:07:54    Initialize
03/29/2017 18:07:54    LinkTestTimer_Elapsed() True
03/29/2017 18:07:54    OpenListenPort
03/29/2017 18:07:54    ListenConnection
03/29/2017 18:07:54    this._socketListener.BeginAccept(new AsyncCallback(this.OnClientConnect), _socketListener);
03/29/2017 18:08:27    HSMSServer
03/29/2017 18:08:27    Initialize
03/29/2017 18:08:27    LinkTestTimer_Elapsed() True
03/29/2017 18:08:27    OpenListenPort
03/29/2017 18:08:27    ListenConnection
03/29/2017 18:08:27    this._socketListener.BeginAccept(new AsyncCallback(this.OnClientConnect), _socketListener);
03/29/2017 18:10:13    HSMSServer
03/29/2017 18:10:13    Initialize
03/29/2017 18:10:13    LinkTestTimer_Elapsed() True
03/29/2017 18:10:13    OpenListenPort
03/29/2017 18:10:13    ListenConnection
03/29/2017 18:10:13    this._socketListener.BeginAccept(new AsyncCallback(this.OnClientConnect), _socketListener);
03/29/2017 18:10:34    HSMSServer
03/29/2017 18:10:34    Initialize
03/29/2017 18:10:34    LinkTestTimer_Elapsed() True
03/29/2017 18:10:34    OpenListenPort
03/29/2017 18:10:34    ListenConnection
03/29/2017 18:10:34    this._socketListener.BeginAccept(new AsyncCallback(this.OnClientConnect), _socketListener);
03/29/2017 18:18:47    HSMSServer
03/29/2017 18:18:47    Initialize
03/29/2017 18:18:47    LinkTestTimer_Elapsed() True
03/29/2017 18:18:47    OpenListenPort
03/29/2017 18:18:47    ListenConnection
03/29/2017 18:18:47    this._socketListener.BeginAccept(new AsyncCallback(this.OnClientConnect), _socketListener);
03/29/2017 18:19:13    HSMSServer
03/29/2017 18:19:13    Initialize
03/29/2017 18:19:13    LinkTestTimer_Elapsed() True
03/29/2017 18:19:13    OpenListenPort
03/29/2017 18:19:13    ListenConnection
03/29/2017 18:19:13    this._socketListener.BeginAccept(new AsyncCallback(this.OnClientConnect), _socketListener);
03/29/2017 18:19:44    HSMSServer
03/29/2017 18:19:44    Initialize
03/29/2017 18:19:44    LinkTestTimer_Elapsed() True
03/29/2017 18:19:44    OpenListenPort
03/29/2017 18:19:44    ListenConnection
03/29/2017 18:19:44    this._socketListener.BeginAccept(new AsyncCallback(this.OnClientConnect), _socketListener);
03/29/2017 18:21:53    HSMSServer
03/29/2017 18:21:53    Initialize
03/29/2017 18:21:53    OpenListenPort
03/29/2017 18:21:53    LinkTestTimer_Elapsed() True
03/29/2017 18:21:53    ListenConnection
03/29/2017 18:21:53    this._socketListener.BeginAccept(new AsyncCallback(this.OnClientConnect), _socketListener);
03/29/2017 18:22:58    HSMSServer
03/29/2017 18:22:58    Initialize
03/29/2017 18:22:58    LinkTestTimer_Elapsed() True
03/29/2017 18:22:58    OpenListenPort
03/29/2017 18:22:58    ListenConnection
03/29/2017 18:22:58    this._socketListener.BeginAccept(new AsyncCallback(this.OnClientConnect), _socketListener);
03/29/2017 18:24:31    HSMSServer
03/29/2017 18:24:31    Initialize
03/29/2017 18:24:31    LinkTestTimer_Elapsed() True
03/29/2017 18:24:31    OpenListenPort
03/29/2017 18:24:31    ListenConnection
03/29/2017 18:24:31    this._socketListener.BeginAccept(new AsyncCallback(this.OnClientConnect), _socketListener);
03/29/2017 18:25:30    HSMSServer
03/29/2017 18:25:30    Initialize
03/29/2017 18:25:30    LinkTestTimer_Elapsed() True
03/29/2017 18:25:30    OpenListenPort
03/29/2017 18:25:30    ListenConnection
03/29/2017 18:25:30    this._socketListener.BeginAccept(new AsyncCallback(this.OnClientConnect), _socketListener);
03/29/2017 18:27:14    HSMSServer
03/29/2017 18:27:14    Initialize
03/29/2017 18:27:14    LinkTestTimer_Elapsed() True
03/29/2017 18:27:14    OpenListenPort
03/29/2017 18:27:14    ListenConnection
03/29/2017 18:27:14    this._socketListener.BeginAccept(new AsyncCallback(this.OnClientConnect), _socketListener);
03/29/2017 18:30:22    HSMSServer
03/29/2017 18:30:22    Initialize
03/29/2017 18:30:22    LinkTestTimer_Elapsed() True
03/29/2017 18:30:22    OpenListenPort
03/29/2017 18:30:22    ListenConnection
03/29/2017 18:30:22    this._socketListener.BeginAccept(new AsyncCallback(this.OnClientConnect), _socketListener);
03/29/2017 18:31:21    HSMSServer
03/29/2017 18:31:21    Initialize
03/29/2017 18:31:21    LinkTestTimer_Elapsed() True
03/29/2017 18:31:21    OpenListenPort
03/29/2017 18:31:21    ListenConnection
03/29/2017 18:31:21    this._socketListener.BeginAccept(new AsyncCallback(this.OnClientConnect), _socketListener);
03/29/2017 18:32:01    HSMSServer
03/29/2017 18:32:01    Initialize
03/29/2017 18:32:01    LinkTestTimer_Elapsed() True
03/29/2017 18:32:01    OpenListenPort
03/29/2017 18:32:01    ListenConnection
03/29/2017 18:32:01    this._socketListener.BeginAccept(new AsyncCallback(this.OnClientConnect), _socketListener);
03/29/2017 18:41:23    HSMSServer
03/29/2017 18:41:23    Initialize
03/29/2017 18:41:23    LinkTestTimer_Elapsed() True
03/29/2017 18:41:23    OpenListenPort
03/29/2017 18:41:23    ListenConnection
03/29/2017 18:41:23    this._socketListener.BeginAccept(new AsyncCallback(this.OnClientConnect), _socketListener);
03/29/2017 18:41:51    HSMSServer
03/29/2017 18:41:51    Initialize
03/29/2017 18:41:51    LinkTestTimer_Elapsed() True
03/29/2017 18:41:51    OpenListenPort
03/29/2017 18:41:51    ListenConnection
03/29/2017 18:41:51    this._socketListener.BeginAccept(new AsyncCallback(this.OnClientConnect), _socketListener);
03/29/2017 18:42:19    HSMSServer
03/29/2017 18:42:19    Initialize
03/29/2017 18:42:19    OpenListenPort
03/29/2017 18:42:19    LinkTestTimer_Elapsed() True
03/29/2017 18:42:19    ListenConnection
03/29/2017 18:42:19    this._socketListener.BeginAccept(new AsyncCallback(this.OnClientConnect), _socketListener);
03/29/2017 18:42:37    HSMSServer
03/29/2017 18:42:37    Initialize
03/29/2017 18:42:37    LinkTestTimer_Elapsed() True
03/29/2017 18:42:37    OpenListenPort
03/29/2017 18:42:37    ListenConnection
03/29/2017 18:42:37    this._socketListener.BeginAccept(new AsyncCallback(this.OnClientConnect), _socketListener);
