IN <--03/28/2017 14:55:47    
[<SCITransaction xmlns:xsi="http://www.w3.org/2001/XMLSchema-instance" xmlns:xsd="http://www.w3.org/2001/XMLSchema">
  <MessageType>Primary</MessageType>
  <DeviceId>0</DeviceId>
  <Id>1</Id>
  <Name>Event:FinishedInitialize</Name>
  <NeedReply>false</NeedReply>
  <Primary>
    <CommandID>Event:FinishedInitialize</CommandID>
  </Primary>
  <Secondary />
</SCITransaction>]

IN <--03/28/2017 14:55:49    
[<SCITransaction xmlns:xsi="http://www.w3.org/2001/XMLSchema-instance" xmlns:xsd="http://www.w3.org/2001/XMLSchema">
  <MessageType>Primary</MessageType>
  <DeviceId>1</DeviceId>
  <Id>2</Id>
  <Name>RequestPalletInfo</Name>
  <NeedReply>true</NeedReply>
  <Primary>
    <CommandID>RequestPalletInfo</CommandID>
    <Item>
      <Format>List</Format>
      <Items>
        <SCIItem>
          <Format>String</Format>
          <Name>PalletID</Name>
          <Value
            xsi:type="xsd:string">SF0001</Value>
        </SCIItem>
      </Items>
    </Item>
  </Primary>
</SCITransaction>]

OUT--> 03/28/2017 14:55:49    
<SCITransaction xmlns:xsd="http://www.w3.org/2001/XMLSchema" xmlns:xsi="http://www.w3.org/2001/XMLSchema-instance">
  <MessageType>Secondary</MessageType>
  <DeviceId>1</DeviceId>
  <Id>2</Id>
  <Name>RequestPalletInfoAck</Name>
  <NeedReply>false</NeedReply>
  <Primary>
    <CommandID>RequestPalletInfo</CommandID>
    <Item>
      <Format>List</Format>
      <Items>
        <SCIItem>
          <Format>String</Format>
          <Items />
          <Name>PalletID</Name>
          <Value
            xsi:type="xsd:string">SF0001</Value>
        </SCIItem>
      </Items>
    </Item>
  </Primary>
  <Secondary>
    <CommandID>RequestPalletInfoAck</CommandID>
    <Item>
      <Format>List</Format>
      <Items>
        <SCIItem>
          <Format>Integer</Format>
          <Name>COMMACK</Name>
          <Value
            xsi:type="xsd:int">0</Value>
        </SCIItem>
        <SCIItem>
          <Format>Integer</Format>
          <Name>ALMID</Name>
          <Value
            xsi:type="xsd:int">0</Value>
        </SCIItem>
        <SCIItem>
          <Format>String</Format>
          <Name>PalletID</Name>
          <Value
            xsi:type="xsd:string">SF0001</Value>
        </SCIItem>
        <SCIItem>
          <Format>String</Format>
          <Name>LotNumber</Name>
          <Value
            xsi:type="xsd:string">Y13X5_A</Value>
        </SCIItem>
        <SCIItem>
          <Format>String</Format>
          <Name>Line</Name>
          <Value
            xsi:type="xsd:string">B403</Value>
        </SCIItem>
        <SCIItem>
          <Format>String</Format>
          <Name>ACAMID</Name>
          <Value
            xsi:type="xsd:string">ACAM001</Value>
        </SCIItem>
        <SCIItem>
          <Format>List</Format>
          <Items>
            <SCIItem>
              <Format>List</Format>
              <Items>
                <SCIItem>
                  <Format>String</Format>
                  <Name>SN</Name>
                  <Value
                    xsi:type="xsd:string">Y13XVIHY</Value>
                </SCIItem>
                <SCIItem>
                  <Format>String</Format>
                  <Name>Defect</Name>
                  <Value
                    xsi:type="xsd:string" />
                </SCIItem>
              </Items>
              <Name>HGA0</Name>
              <Value
                xsi:type="xsd:string" />
            </SCIItem>
            <SCIItem>
              <Format>List</Format>
              <Items>
                <SCIItem>
                  <Format>String</Format>
                  <Name>SN</Name>
                  <Value
                    xsi:type="xsd:string">Y13XJCDY</Value>
                </SCIItem>
                <SCIItem>
                  <Format>String</Format>
                  <Name>Defect</Name>
                  <Value
                    xsi:type="xsd:string" />
                </SCIItem>
              </Items>
              <Name>HGA1</Name>
              <Value
                xsi:type="xsd:string" />
            </SCIItem>
            <SCIItem>
              <Format>List</Format>
              <Items>
                <SCIItem>
                  <Format>String</Format>
                  <Name>SN</Name>
                  <Value
                    xsi:type="xsd:string">Y13XHPEK</Value>
                </SCIItem>
                <SCIItem>
                  <Format>String</Format>
                  <Name>Defect</Name>
                  <Value
                    xsi:type="xsd:string" />
                </SCIItem>
              </Items>
              <Name>HGA2</Name>
              <Value
                xsi:type="xsd:string" />
            </SCIItem>
            <SCIItem>
              <Format>List</Format>
              <Items>
                <SCIItem>
                  <Format>String</Format>
                  <Name>SN</Name>
                  <Value
                    xsi:type="xsd:string">Y13XICIF</Value>
                </SCIItem>
                <SCIItem>
                  <Format>String</Format>
                  <Name>Defect</Name>
                  <Value
                    xsi:type="xsd:string" />
                </SCIItem>
              </Items>
              <Name>HGA3</Name>
              <Value
                xsi:type="xsd:string" />
            </SCIItem>
            <SCIItem>
              <Format>List</Format>
              <Items>
                <SCIItem>
                  <Format>String</Format>
                  <Name>SN</Name>
                  <Value
                    xsi:type="xsd:string">Y13XWWEG</Value>
                </SCIItem>
                <SCIItem>
                  <Format>String</Format>
                  <Name>Defect</Name>
                  <Value
                    xsi:type="xsd:string" />
                </SCIItem>
              </Items>
              <Name>HGA4</Name>
              <Value
                xsi:type="xsd:string" />
            </SCIItem>
            <SCIItem>
              <Format>List</Format>
              <Items>
                <SCIItem>
                  <Format>String</Format>
                  <Name>SN</Name>
                  <Value
                    xsi:type="xsd:string">Y13XKRAH</Value>
                </SCIItem>
                <SCIItem>
                  <Format>String</Format>
                  <Name>Defect</Name>
                  <Value
                    xsi:type="xsd:string" />
                </SCIItem>
              </Items>
              <Name>HGA5</Name>
              <Value
                xsi:type="xsd:string" />
            </SCIItem>
            <SCIItem>
              <Format>List</Format>
              <Items>
                <SCIItem>
                  <Format>String</Format>
                  <Name>SN</Name>
                  <Value
                    xsi:type="xsd:string">Y13XZMXI</Value>
                </SCIItem>
                <SCIItem>
                  <Format>String</Format>
                  <Name>Defect</Name>
                  <Value
                    xsi:type="xsd:string" />
                </SCIItem>
              </Items>
              <Name>HGA6</Name>
              <Value
                xsi:type="xsd:string" />
            </SCIItem>
            <SCIItem>
              <Format>List</Format>
              <Items>
                <SCIItem>
                  <Format>String</Format>
                  <Name>SN</Name>
                  <Value
                    xsi:type="xsd:string">Y13XJRFO</Value>
                </SCIItem>
                <SCIItem>
                  <Format>String</Format>
                  <Name>Defect</Name>
                  <Value
                    xsi:type="xsd:string" />
                </SCIItem>
              </Items>
              <Name>HGA7</Name>
              <Value
                xsi:type="xsd:string" />
            </SCIItem>
            <SCIItem>
              <Format>List</Format>
              <Items>
                <SCIItem>
                  <Format>String</Format>
                  <Name>SN</Name>
                  <Value
                    xsi:type="xsd:string">Y13XXLCP</Value>
                </SCIItem>
                <SCIItem>
                  <Format>String</Format>
                  <Name>Defect</Name>
                  <Value
                    xsi:type="xsd:string" />
                </SCIItem>
              </Items>
              <Name>HGA8</Name>
              <Value
                xsi:type="xsd:string" />
            </SCIItem>
            <SCIItem>
              <Format>List</Format>
              <Items>
                <SCIItem>
                  <Format>String</Format>
                  <Name>SN</Name>
                  <Value
                    xsi:type="xsd:string">Y13XMGYQ</Value>
                </SCIItem>
                <SCIItem>
                  <Format>String</Format>
                  <Name>Defect</Name>
                  <Value
                    xsi:type="xsd:string" />
                </SCIItem>
              </Items>
              <Name>HGA9</Name>
              <Value
                xsi:type="xsd:string" />
            </SCIItem>
          </Items>
          <Name>HGA</Name>
        </SCIItem>
      </Items>
    </Item>
  </Secondary>
</SCITransaction>
