[INFORMATION]
DATE=2/11/2017
TIME START=5:51:27 PM
TIME END=5:51:28 PM
USED TIME=00:01
TESTER NUMBER=VOR001
CUSTOMER=WD
PRODUCT=TRAILS_C8_SD
USER=
TRAYID=EZ132838AK
LOTNUMBER=Y4RTN_A1
DOCCONTROL1=PN#70929-15-SA5
DOCCONTROL2=STR#70929-15-SA5
SUS=MPT-4G
ASSYLINE=B4A101


[SERIAL]
HGAN1=Y4RTP71V
HGAN2=Y4RTP71U
HGAN3=Y4RTP71T
HGAN4=Y4RTP71S
HGAN5=Y4RTP71R
HGAN6=Y4RTP71P
HGAN7=Y4RTP71N
HGAN8=Y4RTP71M
HGAN9=Y4RTP71L
HGAN10=Y4RTP71K
HGAN11=
HGAN12=Y4RTN72P
HGAN13=Y4RTN71M
HGAN14=Y4RTN71L
HGAN15=Y4RTN71K
HGAN16=Y4RTN71J
HGAN17=Y4RTN71H
HGAN18=Y4RTN71G
HGAN19=Y4RTN71F
HGAN20=Y4RTN71E
HGAN21=
HGAN22=
HGAN23=
HGAN24=
HGAN25=
HGAN26=
HGAN27=
HGAN28=
HGAN29=
HGAN30=
HGAN31=
HGAN32=
HGAN33=
HGAN34=
HGAN35=
HGAN36=
HGAN37=
HGAN38=
HGAN39=
HGAN40=
HGAN41=
HGAN42=
HGAN43=
HGAN44=
HGAN45=
HGAN46=
HGAN47=
HGAN48=
HGAN49=
HGAN50=
HGAN51=
HGAN52=
HGAN53=
HGAN54=
HGAN55=
HGAN56=
HGAN57=
HGAN58=
HGAN59=
HGAN60=
