9/7/2015 6:03:31 PM    HSMSServer
9/7/2015 6:03:31 PM    Initialize
9/7/2015 6:03:31 PM    OpenConnection
9/7/2015 6:03:31 PM    OnRemoteConnect Active
9/7/2015 6:03:31 PM    _socketWorker.Connected True
9/7/2015 6:03:31 PM    this._socketWorker.EndConnect(asyn);
9/7/2015 6:03:31 PM    SendSECSData
9/7/2015 6:03:31 PM    ActivateT5 : IsEnabled False
9/7/2015 6:03:31 PM    WaitForData
9/7/2015 6:03:51 PM    TriggerTransactionTimer : transactionID 2
9/7/2015 6:03:51 PM    SendSECSData
9/7/2015 6:03:51 PM    OnDataReceived
9/7/2015 6:03:51 PM    OnDataReceived 914
9/7/2015 6:03:51 PM    OnDataArrival
9/7/2015 6:03:51 PM    OnDataArrival <?xml version="1.0"?><SCITransaction xmlns:xsd="http://www.w3.org/2001/XMLSchema" xmlns:xsi="http://www.w3.org/2001/XMLSchema-instance"><MessageType>Secondary</MessageType><DeviceId>0</DeviceId><Id>2</Id><Name>Mitecs GetLotDetails by Slider Serial number.</Name><NeedReply>false</NeedReply><Primary><CommandID>MES_OCR</CommandID></Primary><Secondary><CommandID>MES_Data</CommandID><Item><Format>List</Format><Items><SCIItem><Format>String</Format><Items /><Name>LotNumber</Name><Value xsi:type="xsd:string">WHFFA_E</Value></SCIItem><SCIItem><Format>String</Format><Items /><Name>LotTpye</Name><Value xsi:type="xsd:string">SISTER LOT</Value></SCIItem><SCIItem><Format>String</Format><Items /><Name>Ref. bar</Name><Value xsi:type="xsd:string">3</Value></SCIItem><SCIItem><Format>String</Format><Items /><Name>Real bar</Name><Value xsi:type="xsd:string">4</Value></SCIItem></Items></Item></Secondary></SCITransaction>
9/7/2015 6:03:51 PM    ResolveHeaderBuffer
9/7/2015 6:03:51 PM    ProcessSECsMessage
9/7/2015 6:03:51 PM    WaitForData
9/7/2015 6:03:58 PM    OnDataReceived
9/7/2015 6:03:58 PM    ** An existing connection was forcibly closed by the remote host
9/7/2015 6:03:58 PM    ActivateLinkTest False
9/7/2015 6:03:58 PM     this.LinkTestTimer.Enabled = false;
9/7/2015 6:03:58 PM    ActivateT5 : IsEnabled True
9/7/2015 6:04:08 PM    OnT5_Elapsed
9/7/2015 6:04:08 PM    OpenConnection
9/7/2015 6:04:08 PM    OnRemoteConnect Active
9/7/2015 6:04:08 PM    _socketWorker.Connected True
9/7/2015 6:04:08 PM    this._socketWorker.EndConnect(asyn);
9/7/2015 6:04:08 PM    SendSECSData
9/7/2015 6:04:08 PM    ActivateT5 : IsEnabled False
9/7/2015 6:04:08 PM    WaitForData
