OUT--> 9/10/2015 10:09:21 AM  
<SCITransaction xmlns:xsd="http://www.w3.org/2001/XMLSchema" xmlns:xsi="http://www.w3.org/2001/XMLSchema-instance">
  <MessageType>Primary</MessageType>
  <DeviceId>0</DeviceId>
  <Id>1</Id>
  <Name>Event:FinishedInitialize</Name>
  <NeedReply>false</NeedReply>
  <Primary>
    <CommandID>Event:FinishedInitialize</CommandID>
  </Primary>
  <Secondary />
</SCITransaction>
OUT--> 9/10/2015 10:10:56 AM  
<SCITransaction xmlns:xsd="http://www.w3.org/2001/XMLSchema" xmlns:xsi="http://www.w3.org/2001/XMLSchema-instance">
  <MessageType>Primary</MessageType>
  <DeviceId>0</DeviceId>
  <Id>1</Id>
  <Name>Event:FinishedInitialize</Name>
  <NeedReply>false</NeedReply>
  <Primary>
    <CommandID>Event:FinishedInitialize</CommandID>
  </Primary>
  <Secondary />
</SCITransaction>
OUT--> 9/10/2015 10:13:37 AM  
<SCITransaction xmlns:xsd="http://www.w3.org/2001/XMLSchema" xmlns:xsi="http://www.w3.org/2001/XMLSchema-instance">
  <MessageType>Primary</MessageType>
  <DeviceId>0</DeviceId>
  <Id>1</Id>
  <Name>Event:FinishedInitialize</Name>
  <NeedReply>false</NeedReply>
  <Primary>
    <CommandID>Event:FinishedInitialize</CommandID>
  </Primary>
  <Secondary />
</SCITransaction>
