OUT--> 9/10/2015 7:00:00 PM   
<SCITransaction xmlns:xsi="http://www.w3.org/2001/XMLSchema-instance" xmlns:xsd="http://www.w3.org/2001/XMLSchema">
  <MessageType>Primary</MessageType>
  <DeviceId>0</DeviceId>
  <Id>7</Id>
  <Name>Mitecs GetLotDetails by Slider Serial number.</Name>
  <NeedReply>true</NeedReply>
  <Primary>
    <CommandID>MES_OCR</CommandID>
    <Item>
      <Format>List</Format>
      <Items>
        <SCIItem>
          <Format>String</Format>
          <Name>Operation</Name>
          <Value
            xsi:type="xsd:string">1045</Value>
        </SCIItem>
        <SCIItem>
          <Format>String</Format>
          <Name>OCRNumber</Name>
          <Value
            xsi:type="xsd:string">WHKU201A</Value>
        </SCIItem>
      </Items>
    </Item>
  </Primary>
  <Secondary />
</SCITransaction>
IN <--9/10/2015 7:00:00 PM   
[<SCITransaction xmlns:xsi="http://www.w3.org/2001/XMLSchema-instance" xmlns:xsd="http://www.w3.org/2001/XMLSchema">
  <MessageType>Secondary</MessageType>
  <DeviceId>0</DeviceId>
  <Id>7</Id>
  <Name>Mitecs GetLotDetails by Slider Serial number.</Name>
  <NeedReply>false</NeedReply>
  <Primary>
    <CommandID>MES_OCR</CommandID>
    <Item>
      <Format>List</Format>
      <Items>
        <SCIItem>
          <Format>String</Format>
          <Items />
          <Name>Operation</Name>
          <Value
            xsi:type="xsd:string">1045</Value>
        </SCIItem>
        <SCIItem>
          <Format>String</Format>
          <Items />
          <Name>OCRNumber</Name>
          <Value
            xsi:type="xsd:string">WHKU201A</Value>
        </SCIItem>
      </Items>
    </Item>
  </Primary>
  <Secondary>
    <CommandID>MES_Data</CommandID>
    <Item>
      <Format>List</Format>
      <Items>
        <SCIItem>
          <Format>String</Format>
          <Items />
          <Name>LotNumber</Name>
          <Value
            xsi:type="xsd:string">WHKU&amp;C07</Value>
        </SCIItem>
        <SCIItem>
          <Format>String</Format>
          <Items />
          <Name>LotTpye</Name>
          <Value
            xsi:type="xsd:string">XLOT</Value>
        </SCIItem>
        <SCIItem>
          <Format>String</Format>
          <Items />
          <Name>Ref. bar</Name>
          <Value
            xsi:type="xsd:string">1</Value>
        </SCIItem>
        <SCIItem>
          <Format>String</Format>
          <Items />
          <Name>Real bar</Name>
          <Value
            xsi:type="xsd:string">01</Value>
        </SCIItem>
        <SCIItem>
          <Format>String</Format>
          <Items />
          <Name>ErrorMessage</Name>
          <Value
            xsi:type="xsd:string">4</Value>
        </SCIItem>
      </Items>
    </Item>
  </Secondary>
</SCITransaction>]

OUT--> 9/10/2015 7:00:00 PM   
<SCITransaction xmlns:xsi="http://www.w3.org/2001/XMLSchema-instance" xmlns:xsd="http://www.w3.org/2001/XMLSchema">
  <MessageType>Primary</MessageType>
  <DeviceId>0</DeviceId>
  <Id>8</Id>
  <Name>Mitecs GetLotDetails by Slider Serial number.</Name>
  <NeedReply>true</NeedReply>
  <Primary>
    <CommandID>MES_OCR</CommandID>
    <Item>
      <Format>List</Format>
      <Items>
        <SCIItem>
          <Format>String</Format>
          <Name>Operation</Name>
          <Value
            xsi:type="xsd:string">1045</Value>
        </SCIItem>
        <SCIItem>
          <Format>String</Format>
          <Name>OCRNumber</Name>
          <Value
            xsi:type="xsd:string">WHKU201A</Value>
        </SCIItem>
      </Items>
    </Item>
  </Primary>
  <Secondary />
</SCITransaction>
IN <--9/10/2015 7:00:00 PM   
[<SCITransaction xmlns:xsi="http://www.w3.org/2001/XMLSchema-instance" xmlns:xsd="http://www.w3.org/2001/XMLSchema">
  <MessageType>Secondary</MessageType>
  <DeviceId>0</DeviceId>
  <Id>8</Id>
  <Name>Mitecs GetLotDetails by Slider Serial number.</Name>
  <NeedReply>false</NeedReply>
  <Primary>
    <CommandID>MES_OCR</CommandID>
    <Item>
      <Format>List</Format>
      <Items>
        <SCIItem>
          <Format>String</Format>
          <Items />
          <Name>Operation</Name>
          <Value
            xsi:type="xsd:string">1045</Value>
        </SCIItem>
        <SCIItem>
          <Format>String</Format>
          <Items />
          <Name>OCRNumber</Name>
          <Value
            xsi:type="xsd:string">WHKU201A</Value>
        </SCIItem>
      </Items>
    </Item>
  </Primary>
  <Secondary>
    <CommandID>MES_Data</CommandID>
    <Item>
      <Format>List</Format>
      <Items>
        <SCIItem>
          <Format>String</Format>
          <Items />
          <Name>LotNumber</Name>
          <Value
            xsi:type="xsd:string">WHKU&amp;C07</Value>
        </SCIItem>
        <SCIItem>
          <Format>String</Format>
          <Items />
          <Name>LotTpye</Name>
          <Value
            xsi:type="xsd:string">XLOT</Value>
        </SCIItem>
        <SCIItem>
          <Format>String</Format>
          <Items />
          <Name>Ref. bar</Name>
          <Value
            xsi:type="xsd:string">1</Value>
        </SCIItem>
        <SCIItem>
          <Format>String</Format>
          <Items />
          <Name>Real bar</Name>
          <Value
            xsi:type="xsd:string">01</Value>
        </SCIItem>
        <SCIItem>
          <Format>String</Format>
          <Items />
          <Name>ErrorMessage</Name>
          <Value
            xsi:type="xsd:string">4</Value>
        </SCIItem>
      </Items>
    </Item>
  </Secondary>
</SCITransaction>]

OUT--> 9/10/2015 7:00:02 PM   
<SCITransaction xmlns:xsi="http://www.w3.org/2001/XMLSchema-instance" xmlns:xsd="http://www.w3.org/2001/XMLSchema">
  <MessageType>Primary</MessageType>
  <DeviceId>0</DeviceId>
  <Id>9</Id>
  <Name>Mitecs GetLotDetails by Slider Serial number.</Name>
  <NeedReply>true</NeedReply>
  <Primary>
    <CommandID>MES_OCR</CommandID>
    <Item>
      <Format>List</Format>
      <Items>
        <SCIItem>
          <Format>String</Format>
          <Name>Operation</Name>
          <Value
            xsi:type="xsd:string">1045</Value>
        </SCIItem>
        <SCIItem>
          <Format>String</Format>
          <Name>OCRNumber</Name>
          <Value
            xsi:type="xsd:string">WHKU201A</Value>
        </SCIItem>
      </Items>
    </Item>
  </Primary>
  <Secondary />
</SCITransaction>
IN <--9/10/2015 7:00:02 PM   
[<SCITransaction xmlns:xsi="http://www.w3.org/2001/XMLSchema-instance" xmlns:xsd="http://www.w3.org/2001/XMLSchema">
  <MessageType>Secondary</MessageType>
  <DeviceId>0</DeviceId>
  <Id>9</Id>
  <Name>Mitecs GetLotDetails by Slider Serial number.</Name>
  <NeedReply>false</NeedReply>
  <Primary>
    <CommandID>MES_OCR</CommandID>
    <Item>
      <Format>List</Format>
      <Items>
        <SCIItem>
          <Format>String</Format>
          <Items />
          <Name>Operation</Name>
          <Value
            xsi:type="xsd:string">1045</Value>
        </SCIItem>
        <SCIItem>
          <Format>String</Format>
          <Items />
          <Name>OCRNumber</Name>
          <Value
            xsi:type="xsd:string">WHKU201A</Value>
        </SCIItem>
      </Items>
    </Item>
  </Primary>
  <Secondary>
    <CommandID>MES_Data</CommandID>
    <Item>
      <Format>List</Format>
      <Items>
        <SCIItem>
          <Format>String</Format>
          <Items />
          <Name>LotNumber</Name>
          <Value
            xsi:type="xsd:string">WHKU&amp;C07</Value>
        </SCIItem>
        <SCIItem>
          <Format>String</Format>
          <Items />
          <Name>LotTpye</Name>
          <Value
            xsi:type="xsd:string">XLOT</Value>
        </SCIItem>
        <SCIItem>
          <Format>String</Format>
          <Items />
          <Name>Ref. bar</Name>
          <Value
            xsi:type="xsd:string">1</Value>
        </SCIItem>
        <SCIItem>
          <Format>String</Format>
          <Items />
          <Name>Real bar</Name>
          <Value
            xsi:type="xsd:string">01</Value>
        </SCIItem>
        <SCIItem>
          <Format>String</Format>
          <Items />
          <Name>ErrorMessage</Name>
          <Value
            xsi:type="xsd:string">4</Value>
        </SCIItem>
      </Items>
    </Item>
  </Secondary>
</SCITransaction>]

OUT--> 9/10/2015 7:01:58 PM   
<SCITransaction xmlns:xsi="http://www.w3.org/2001/XMLSchema-instance" xmlns:xsd="http://www.w3.org/2001/XMLSchema">
  <MessageType>Primary</MessageType>
  <DeviceId>0</DeviceId>
  <Id>1</Id>
  <Name>Event:FinishedInitialize</Name>
  <NeedReply>false</NeedReply>
  <Primary>
    <CommandID>Event:FinishedInitialize</CommandID>
  </Primary>
  <Secondary />
</SCITransaction>
OUT--> 9/10/2015 7:02:09 PM   
<SCITransaction xmlns:xsi="http://www.w3.org/2001/XMLSchema-instance" xmlns:xsd="http://www.w3.org/2001/XMLSchema">
  <MessageType>Primary</MessageType>
  <DeviceId>0</DeviceId>
  <Id>2</Id>
  <Name>Mitecs GetLotDetails by Slider Serial number.</Name>
  <NeedReply>true</NeedReply>
  <Primary>
    <CommandID>MES_OCR</CommandID>
    <Item>
      <Format>List</Format>
      <Items>
        <SCIItem>
          <Format>String</Format>
          <Name>Operation</Name>
          <Value
            xsi:type="xsd:string">1045</Value>
        </SCIItem>
        <SCIItem>
          <Format>String</Format>
          <Name>OCRNumber</Name>
          <Value
            xsi:type="xsd:string">WHKU201A</Value>
        </SCIItem>
      </Items>
    </Item>
  </Primary>
  <Secondary />
</SCITransaction>
IN <--9/10/2015 7:02:09 PM   
[<SCITransaction xmlns:xsi="http://www.w3.org/2001/XMLSchema-instance" xmlns:xsd="http://www.w3.org/2001/XMLSchema">
  <MessageType>Secondary</MessageType>
  <DeviceId>0</DeviceId>
  <Id>2</Id>
  <Name>Mitecs GetLotDetails by Slider Serial number.</Name>
  <NeedReply>false</NeedReply>
  <Primary>
    <CommandID>MES_OCR</CommandID>
    <Item>
      <Format>List</Format>
      <Items>
        <SCIItem>
          <Format>String</Format>
          <Items />
          <Name>Operation</Name>
          <Value
            xsi:type="xsd:string">1045</Value>
        </SCIItem>
        <SCIItem>
          <Format>String</Format>
          <Items />
          <Name>OCRNumber</Name>
          <Value
            xsi:type="xsd:string">WHKU201A</Value>
        </SCIItem>
      </Items>
    </Item>
  </Primary>
  <Secondary>
    <CommandID>MES_Data</CommandID>
    <Item>
      <Format>List</Format>
      <Items>
        <SCIItem>
          <Format>String</Format>
          <Items />
          <Name>LotNumber</Name>
          <Value
            xsi:type="xsd:string">WHKU&amp;C07</Value>
        </SCIItem>
        <SCIItem>
          <Format>String</Format>
          <Items />
          <Name>LotTpye</Name>
          <Value
            xsi:type="xsd:string">XLOT</Value>
        </SCIItem>
        <SCIItem>
          <Format>String</Format>
          <Items />
          <Name>Ref. bar</Name>
          <Value
            xsi:type="xsd:string">1</Value>
        </SCIItem>
        <SCIItem>
          <Format>String</Format>
          <Items />
          <Name>Real bar</Name>
          <Value
            xsi:type="xsd:string">01</Value>
        </SCIItem>
        <SCIItem>
          <Format>String</Format>
          <Items />
          <Name>ErrorMessage</Name>
          <Value
            xsi:type="xsd:string">4</Value>
        </SCIItem>
      </Items>
    </Item>
  </Secondary>
</SCITransaction>]

OUT--> 9/10/2015 7:03:29 PM   
<SCITransaction xmlns:xsi="http://www.w3.org/2001/XMLSchema-instance" xmlns:xsd="http://www.w3.org/2001/XMLSchema">
  <MessageType>Primary</MessageType>
  <DeviceId>0</DeviceId>
  <Id>1</Id>
  <Name>Event:FinishedInitialize</Name>
  <NeedReply>false</NeedReply>
  <Primary>
    <CommandID>Event:FinishedInitialize</CommandID>
  </Primary>
  <Secondary />
</SCITransaction>
OUT--> 9/10/2015 7:03:34 PM   
<SCITransaction xmlns:xsi="http://www.w3.org/2001/XMLSchema-instance" xmlns:xsd="http://www.w3.org/2001/XMLSchema">
  <MessageType>Primary</MessageType>
  <DeviceId>0</DeviceId>
  <Id>2</Id>
  <Name>Mitecs GetLotDetails by Slider Serial number.</Name>
  <NeedReply>true</NeedReply>
  <Primary>
    <CommandID>MES_OCR</CommandID>
    <Item>
      <Format>List</Format>
      <Items>
        <SCIItem>
          <Format>String</Format>
          <Name>Operation</Name>
          <Value
            xsi:type="xsd:string">1045</Value>
        </SCIItem>
        <SCIItem>
          <Format>String</Format>
          <Name>OCRNumber</Name>
          <Value
            xsi:type="xsd:string">WHKU201A</Value>
        </SCIItem>
      </Items>
    </Item>
  </Primary>
  <Secondary />
</SCITransaction>
IN <--9/10/2015 7:03:35 PM   
[<SCITransaction xmlns:xsi="http://www.w3.org/2001/XMLSchema-instance" xmlns:xsd="http://www.w3.org/2001/XMLSchema">
  <MessageType>Secondary</MessageType>
  <DeviceId>0</DeviceId>
  <Id>2</Id>
  <Name>Mitecs GetLotDetails by Slider Serial number.</Name>
  <NeedReply>false</NeedReply>
  <Primary>
    <CommandID>MES_OCR</CommandID>
    <Item>
      <Format>List</Format>
      <Items>
        <SCIItem>
          <Format>String</Format>
          <Items />
          <Name>Operation</Name>
          <Value
            xsi:type="xsd:string">1045</Value>
        </SCIItem>
        <SCIItem>
          <Format>String</Format>
          <Items />
          <Name>OCRNumber</Name>
          <Value
            xsi:type="xsd:string">WHKU201A</Value>
        </SCIItem>
      </Items>
    </Item>
  </Primary>
  <Secondary>
    <CommandID>MES_Data</CommandID>
    <Item>
      <Format>List</Format>
      <Items>
        <SCIItem>
          <Format>String</Format>
          <Items />
          <Name>LotNumber</Name>
          <Value
            xsi:type="xsd:string">WHKU&amp;C07</Value>
        </SCIItem>
        <SCIItem>
          <Format>String</Format>
          <Items />
          <Name>LotTpye</Name>
          <Value
            xsi:type="xsd:string">XLOT</Value>
        </SCIItem>
        <SCIItem>
          <Format>String</Format>
          <Items />
          <Name>Ref. bar</Name>
          <Value
            xsi:type="xsd:string">01</Value>
        </SCIItem>
        <SCIItem>
          <Format>String</Format>
          <Items />
          <Name>Real bar</Name>
          <Value
            xsi:type="xsd:string">01</Value>
        </SCIItem>
        <SCIItem>
          <Format>String</Format>
          <Items />
          <Name>ErrorMessage</Name>
          <Value
            xsi:type="xsd:string">4</Value>
        </SCIItem>
      </Items>
    </Item>
  </Secondary>
</SCITransaction>]

OUT--> 9/10/2015 7:03:47 PM   
<SCITransaction xmlns:xsi="http://www.w3.org/2001/XMLSchema-instance" xmlns:xsd="http://www.w3.org/2001/XMLSchema">
  <MessageType>Primary</MessageType>
  <DeviceId>0</DeviceId>
  <Id>3</Id>
  <Name>Mitecs GetLotDetails by Slider Serial number.</Name>
  <NeedReply>true</NeedReply>
  <Primary>
    <CommandID>MES_OCR</CommandID>
    <Item>
      <Format>List</Format>
      <Items>
        <SCIItem>
          <Format>String</Format>
          <Name>Operation</Name>
          <Value
            xsi:type="xsd:string">1045</Value>
        </SCIItem>
        <SCIItem>
          <Format>String</Format>
          <Name>OCRNumber</Name>
          <Value
            xsi:type="xsd:string">WHKU201A</Value>
        </SCIItem>
      </Items>
    </Item>
  </Primary>
  <Secondary />
</SCITransaction>
IN <--9/10/2015 7:03:47 PM   
[<SCITransaction xmlns:xsi="http://www.w3.org/2001/XMLSchema-instance" xmlns:xsd="http://www.w3.org/2001/XMLSchema">
  <MessageType>Secondary</MessageType>
  <DeviceId>0</DeviceId>
  <Id>3</Id>
  <Name>Mitecs GetLotDetails by Slider Serial number.</Name>
  <NeedReply>false</NeedReply>
  <Primary>
    <CommandID>MES_OCR</CommandID>
    <Item>
      <Format>List</Format>
      <Items>
        <SCIItem>
          <Format>String</Format>
          <Items />
          <Name>Operation</Name>
          <Value
            xsi:type="xsd:string">1045</Value>
        </SCIItem>
        <SCIItem>
          <Format>String</Format>
          <Items />
          <Name>OCRNumber</Name>
          <Value
            xsi:type="xsd:string">WHKU201A</Value>
        </SCIItem>
      </Items>
    </Item>
  </Primary>
  <Secondary>
    <CommandID>MES_Data</CommandID>
    <Item>
      <Format>List</Format>
      <Items>
        <SCIItem>
          <Format>String</Format>
          <Items />
          <Name>LotNumber</Name>
          <Value
            xsi:type="xsd:string">WHKU&amp;C07</Value>
        </SCIItem>
        <SCIItem>
          <Format>String</Format>
          <Items />
          <Name>LotTpye</Name>
          <Value
            xsi:type="xsd:string">XLOT</Value>
        </SCIItem>
        <SCIItem>
          <Format>String</Format>
          <Items />
          <Name>Ref. bar</Name>
          <Value
            xsi:type="xsd:string">01</Value>
        </SCIItem>
        <SCIItem>
          <Format>String</Format>
          <Items />
          <Name>Real bar</Name>
          <Value
            xsi:type="xsd:string">01</Value>
        </SCIItem>
        <SCIItem>
          <Format>String</Format>
          <Items />
          <Name>ErrorMessage</Name>
          <Value
            xsi:type="xsd:string">4</Value>
        </SCIItem>
      </Items>
    </Item>
  </Secondary>
</SCITransaction>]

OUT--> 9/10/2015 7:03:48 PM   
<SCITransaction xmlns:xsi="http://www.w3.org/2001/XMLSchema-instance" xmlns:xsd="http://www.w3.org/2001/XMLSchema">
  <MessageType>Primary</MessageType>
  <DeviceId>0</DeviceId>
  <Id>4</Id>
  <Name>Mitecs GetLotDetails by Slider Serial number.</Name>
  <NeedReply>true</NeedReply>
  <Primary>
    <CommandID>MES_OCR</CommandID>
    <Item>
      <Format>List</Format>
      <Items>
        <SCIItem>
          <Format>String</Format>
          <Name>Operation</Name>
          <Value
            xsi:type="xsd:string">1045</Value>
        </SCIItem>
        <SCIItem>
          <Format>String</Format>
          <Name>OCRNumber</Name>
          <Value
            xsi:type="xsd:string">WHKU201A</Value>
        </SCIItem>
      </Items>
    </Item>
  </Primary>
  <Secondary />
</SCITransaction>
IN <--9/10/2015 7:03:48 PM   
[<SCITransaction xmlns:xsi="http://www.w3.org/2001/XMLSchema-instance" xmlns:xsd="http://www.w3.org/2001/XMLSchema">
  <MessageType>Secondary</MessageType>
  <DeviceId>0</DeviceId>
  <Id>4</Id>
  <Name>Mitecs GetLotDetails by Slider Serial number.</Name>
  <NeedReply>false</NeedReply>
  <Primary>
    <CommandID>MES_OCR</CommandID>
    <Item>
      <Format>List</Format>
      <Items>
        <SCIItem>
          <Format>String</Format>
          <Items />
          <Name>Operation</Name>
          <Value
            xsi:type="xsd:string">1045</Value>
        </SCIItem>
        <SCIItem>
          <Format>String</Format>
          <Items />
          <Name>OCRNumber</Name>
          <Value
            xsi:type="xsd:string">WHKU201A</Value>
        </SCIItem>
      </Items>
    </Item>
  </Primary>
  <Secondary>
    <CommandID>MES_Data</CommandID>
    <Item>
      <Format>List</Format>
      <Items>
        <SCIItem>
          <Format>String</Format>
          <Items />
          <Name>LotNumber</Name>
          <Value
            xsi:type="xsd:string">WHKU&amp;C07</Value>
        </SCIItem>
        <SCIItem>
          <Format>String</Format>
          <Items />
          <Name>LotTpye</Name>
          <Value
            xsi:type="xsd:string">XLOT</Value>
        </SCIItem>
        <SCIItem>
          <Format>String</Format>
          <Items />
          <Name>Ref. bar</Name>
          <Value
            xsi:type="xsd:string">01</Value>
        </SCIItem>
        <SCIItem>
          <Format>String</Format>
          <Items />
          <Name>Real bar</Name>
          <Value
            xsi:type="xsd:string">01</Value>
        </SCIItem>
        <SCIItem>
          <Format>String</Format>
          <Items />
          <Name>ErrorMessage</Name>
          <Value
            xsi:type="xsd:string">4</Value>
        </SCIItem>
      </Items>
    </Item>
  </Secondary>
</SCITransaction>]

OUT--> 9/10/2015 7:03:48 PM   
<SCITransaction xmlns:xsi="http://www.w3.org/2001/XMLSchema-instance" xmlns:xsd="http://www.w3.org/2001/XMLSchema">
  <MessageType>Primary</MessageType>
  <DeviceId>0</DeviceId>
  <Id>5</Id>
  <Name>Mitecs GetLotDetails by Slider Serial number.</Name>
  <NeedReply>true</NeedReply>
  <Primary>
    <CommandID>MES_OCR</CommandID>
    <Item>
      <Format>List</Format>
      <Items>
        <SCIItem>
          <Format>String</Format>
          <Name>Operation</Name>
          <Value
            xsi:type="xsd:string">1045</Value>
        </SCIItem>
        <SCIItem>
          <Format>String</Format>
          <Name>OCRNumber</Name>
          <Value
            xsi:type="xsd:string">WHKU201A</Value>
        </SCIItem>
      </Items>
    </Item>
  </Primary>
  <Secondary />
</SCITransaction>
IN <--9/10/2015 7:03:48 PM   
[<SCITransaction xmlns:xsi="http://www.w3.org/2001/XMLSchema-instance" xmlns:xsd="http://www.w3.org/2001/XMLSchema">
  <MessageType>Secondary</MessageType>
  <DeviceId>0</DeviceId>
  <Id>5</Id>
  <Name>Mitecs GetLotDetails by Slider Serial number.</Name>
  <NeedReply>false</NeedReply>
  <Primary>
    <CommandID>MES_OCR</CommandID>
    <Item>
      <Format>List</Format>
      <Items>
        <SCIItem>
          <Format>String</Format>
          <Items />
          <Name>Operation</Name>
          <Value
            xsi:type="xsd:string">1045</Value>
        </SCIItem>
        <SCIItem>
          <Format>String</Format>
          <Items />
          <Name>OCRNumber</Name>
          <Value
            xsi:type="xsd:string">WHKU201A</Value>
        </SCIItem>
      </Items>
    </Item>
  </Primary>
  <Secondary>
    <CommandID>MES_Data</CommandID>
    <Item>
      <Format>List</Format>
      <Items>
        <SCIItem>
          <Format>String</Format>
          <Items />
          <Name>LotNumber</Name>
          <Value
            xsi:type="xsd:string">WHKU&amp;C07</Value>
        </SCIItem>
        <SCIItem>
          <Format>String</Format>
          <Items />
          <Name>LotTpye</Name>
          <Value
            xsi:type="xsd:string">XLOT</Value>
        </SCIItem>
        <SCIItem>
          <Format>String</Format>
          <Items />
          <Name>Ref. bar</Name>
          <Value
            xsi:type="xsd:string">01</Value>
        </SCIItem>
        <SCIItem>
          <Format>String</Format>
          <Items />
          <Name>Real bar</Name>
          <Value
            xsi:type="xsd:string">01</Value>
        </SCIItem>
        <SCIItem>
          <Format>String</Format>
          <Items />
          <Name>ErrorMessage</Name>
          <Value
            xsi:type="xsd:string">4</Value>
        </SCIItem>
      </Items>
    </Item>
  </Secondary>
</SCITransaction>]

OUT--> 9/10/2015 7:19:54 PM   
<SCITransaction xmlns:xsi="http://www.w3.org/2001/XMLSchema-instance" xmlns:xsd="http://www.w3.org/2001/XMLSchema">
  <MessageType>Primary</MessageType>
  <DeviceId>0</DeviceId>
  <Id>1</Id>
  <Name>Event:FinishedInitialize</Name>
  <NeedReply>false</NeedReply>
  <Primary>
    <CommandID>Event:FinishedInitialize</CommandID>
  </Primary>
  <Secondary />
</SCITransaction>
OUT--> 9/10/2015 7:19:59 PM   
<SCITransaction xmlns:xsi="http://www.w3.org/2001/XMLSchema-instance" xmlns:xsd="http://www.w3.org/2001/XMLSchema">
  <MessageType>Primary</MessageType>
  <DeviceId>0</DeviceId>
  <Id>2</Id>
  <Name>Mitecs GetLotDetails by Slider Serial number.</Name>
  <NeedReply>true</NeedReply>
  <Primary>
    <CommandID>MES_OCR</CommandID>
    <Item>
      <Format>List</Format>
      <Items>
        <SCIItem>
          <Format>String</Format>
          <Name>Operation</Name>
          <Value
            xsi:type="xsd:string">1045</Value>
        </SCIItem>
        <SCIItem>
          <Format>String</Format>
          <Name>OCRNumber</Name>
          <Value
            xsi:type="xsd:string">WHKU201A</Value>
        </SCIItem>
      </Items>
    </Item>
  </Primary>
  <Secondary />
</SCITransaction>
IN <--9/10/2015 7:19:59 PM   
[<SCITransaction xmlns:xsi="http://www.w3.org/2001/XMLSchema-instance" xmlns:xsd="http://www.w3.org/2001/XMLSchema">
  <MessageType>Secondary</MessageType>
  <DeviceId>0</DeviceId>
  <Id>2</Id>
  <Name>Mitecs GetLotDetails by Slider Serial number.</Name>
  <NeedReply>false</NeedReply>
  <Primary>
    <CommandID>MES_OCR</CommandID>
    <Item>
      <Format>List</Format>
      <Items>
        <SCIItem>
          <Format>String</Format>
          <Items />
          <Name>Operation</Name>
          <Value
            xsi:type="xsd:string">1045</Value>
        </SCIItem>
        <SCIItem>
          <Format>String</Format>
          <Items />
          <Name>OCRNumber</Name>
          <Value
            xsi:type="xsd:string">WHKU201A</Value>
        </SCIItem>
      </Items>
    </Item>
  </Primary>
  <Secondary>
    <CommandID>MES_Data</CommandID>
    <Item>
      <Format>List</Format>
      <Items>
        <SCIItem>
          <Format>String</Format>
          <Items />
          <Name>LotNumber</Name>
          <Value
            xsi:type="xsd:string">WHKU&amp;C07</Value>
        </SCIItem>
        <SCIItem>
          <Format>String</Format>
          <Items />
          <Name>LotTpye</Name>
          <Value
            xsi:type="xsd:string">XLOT</Value>
        </SCIItem>
        <SCIItem>
          <Format>String</Format>
          <Items />
          <Name>Ref. bar</Name>
          <Value
            xsi:type="xsd:string">01</Value>
        </SCIItem>
        <SCIItem>
          <Format>String</Format>
          <Items />
          <Name>Real bar</Name>
          <Value
            xsi:type="xsd:string">01</Value>
        </SCIItem>
        <SCIItem>
          <Format>String</Format>
          <Items />
          <Name>ErrorMessage</Name>
          <Value
            xsi:type="xsd:string">4</Value>
        </SCIItem>
      </Items>
    </Item>
  </Secondary>
</SCITransaction>]

OUT--> 9/10/2015 7:23:03 PM   
<SCITransaction xmlns:xsi="http://www.w3.org/2001/XMLSchema-instance" xmlns:xsd="http://www.w3.org/2001/XMLSchema">
  <MessageType>Primary</MessageType>
  <DeviceId>0</DeviceId>
  <Id>1</Id>
  <Name>Event:FinishedInitialize</Name>
  <NeedReply>false</NeedReply>
  <Primary>
    <CommandID>Event:FinishedInitialize</CommandID>
  </Primary>
  <Secondary />
</SCITransaction>
OUT--> 9/10/2015 7:23:11 PM   
<SCITransaction xmlns:xsi="http://www.w3.org/2001/XMLSchema-instance" xmlns:xsd="http://www.w3.org/2001/XMLSchema">
  <MessageType>Primary</MessageType>
  <DeviceId>0</DeviceId>
  <Id>2</Id>
  <Name>Mitecs GetLotDetails by Slider Serial number.</Name>
  <NeedReply>true</NeedReply>
  <Primary>
    <CommandID>MES_OCR</CommandID>
    <Item>
      <Format>List</Format>
      <Items>
        <SCIItem>
          <Format>String</Format>
          <Name>Operation</Name>
          <Value
            xsi:type="xsd:string">1045</Value>
        </SCIItem>
        <SCIItem>
          <Format>String</Format>
          <Name>OCRNumber</Name>
          <Value
            xsi:type="xsd:string">WHKU201A</Value>
        </SCIItem>
      </Items>
    </Item>
  </Primary>
  <Secondary />
</SCITransaction>
IN <--9/10/2015 7:23:11 PM   
[<SCITransaction xmlns:xsi="http://www.w3.org/2001/XMLSchema-instance" xmlns:xsd="http://www.w3.org/2001/XMLSchema">
  <MessageType>Secondary</MessageType>
  <DeviceId>0</DeviceId>
  <Id>2</Id>
  <Name>Mitecs GetLotDetails by Slider Serial number.</Name>
  <NeedReply>false</NeedReply>
  <Primary>
    <CommandID>MES_OCR</CommandID>
    <Item>
      <Format>List</Format>
      <Items>
        <SCIItem>
          <Format>String</Format>
          <Items />
          <Name>Operation</Name>
          <Value
            xsi:type="xsd:string">1045</Value>
        </SCIItem>
        <SCIItem>
          <Format>String</Format>
          <Items />
          <Name>OCRNumber</Name>
          <Value
            xsi:type="xsd:string">WHKU201A</Value>
        </SCIItem>
      </Items>
    </Item>
  </Primary>
  <Secondary>
    <CommandID>MES_Data</CommandID>
    <Item>
      <Format>List</Format>
      <Items>
        <SCIItem>
          <Format>String</Format>
          <Items />
          <Name>LotNumber</Name>
          <Value
            xsi:type="xsd:string">WHKU&amp;C07</Value>
        </SCIItem>
        <SCIItem>
          <Format>String</Format>
          <Items />
          <Name>LotTpye</Name>
          <Value
            xsi:type="xsd:string">XLOT</Value>
        </SCIItem>
        <SCIItem>
          <Format>String</Format>
          <Items />
          <Name>Ref. bar</Name>
          <Value
            xsi:type="xsd:string">01</Value>
        </SCIItem>
        <SCIItem>
          <Format>String</Format>
          <Items />
          <Name>Real bar</Name>
          <Value
            xsi:type="xsd:string">01</Value>
        </SCIItem>
        <SCIItem>
          <Format>String</Format>
          <Items />
          <Name>ErrorMessage</Name>
          <Value
            xsi:type="xsd:string">4</Value>
        </SCIItem>
      </Items>
    </Item>
  </Secondary>
</SCITransaction>]

OUT--> 9/10/2015 7:23:58 PM   
<SCITransaction xmlns:xsi="http://www.w3.org/2001/XMLSchema-instance" xmlns:xsd="http://www.w3.org/2001/XMLSchema">
  <MessageType>Primary</MessageType>
  <DeviceId>0</DeviceId>
  <Id>3</Id>
  <Name>Mitecs GetLotDetails by Slider Serial number.</Name>
  <NeedReply>true</NeedReply>
  <Primary>
    <CommandID>MES_OCR</CommandID>
    <Item>
      <Format>List</Format>
      <Items>
        <SCIItem>
          <Format>String</Format>
          <Name>Operation</Name>
          <Value
            xsi:type="xsd:string">1045</Value>
        </SCIItem>
        <SCIItem>
          <Format>String</Format>
          <Name>OCRNumber</Name>
          <Value
            xsi:type="xsd:string">WHKU201A</Value>
        </SCIItem>
      </Items>
    </Item>
  </Primary>
  <Secondary />
</SCITransaction>
IN <--9/10/2015 7:23:58 PM   
[<SCITransaction xmlns:xsi="http://www.w3.org/2001/XMLSchema-instance" xmlns:xsd="http://www.w3.org/2001/XMLSchema">
  <MessageType>Secondary</MessageType>
  <DeviceId>0</DeviceId>
  <Id>3</Id>
  <Name>Mitecs GetLotDetails by Slider Serial number.</Name>
  <NeedReply>false</NeedReply>
  <Primary>
    <CommandID>MES_OCR</CommandID>
    <Item>
      <Format>List</Format>
      <Items>
        <SCIItem>
          <Format>String</Format>
          <Items />
          <Name>Operation</Name>
          <Value
            xsi:type="xsd:string">1045</Value>
        </SCIItem>
        <SCIItem>
          <Format>String</Format>
          <Items />
          <Name>OCRNumber</Name>
          <Value
            xsi:type="xsd:string">WHKU201A</Value>
        </SCIItem>
      </Items>
    </Item>
  </Primary>
  <Secondary>
    <CommandID>MES_Data</CommandID>
    <Item>
      <Format>List</Format>
      <Items>
        <SCIItem>
          <Format>String</Format>
          <Items />
          <Name>LotNumber</Name>
          <Value
            xsi:type="xsd:string">WHKU&amp;C07</Value>
        </SCIItem>
        <SCIItem>
          <Format>String</Format>
          <Items />
          <Name>LotTpye</Name>
          <Value
            xsi:type="xsd:string">XLOT</Value>
        </SCIItem>
        <SCIItem>
          <Format>String</Format>
          <Items />
          <Name>Ref. bar</Name>
          <Value
            xsi:type="xsd:string">01</Value>
        </SCIItem>
        <SCIItem>
          <Format>String</Format>
          <Items />
          <Name>Real bar</Name>
          <Value
            xsi:type="xsd:string">01</Value>
        </SCIItem>
        <SCIItem>
          <Format>String</Format>
          <Items />
          <Name>ErrorMessage</Name>
          <Value
            xsi:type="xsd:string">4</Value>
        </SCIItem>
      </Items>
    </Item>
  </Secondary>
</SCITransaction>]

OUT--> 9/10/2015 7:23:59 PM   
<SCITransaction xmlns:xsi="http://www.w3.org/2001/XMLSchema-instance" xmlns:xsd="http://www.w3.org/2001/XMLSchema">
  <MessageType>Primary</MessageType>
  <DeviceId>0</DeviceId>
  <Id>4</Id>
  <Name>Mitecs GetLotDetails by Slider Serial number.</Name>
  <NeedReply>true</NeedReply>
  <Primary>
    <CommandID>MES_OCR</CommandID>
    <Item>
      <Format>List</Format>
      <Items>
        <SCIItem>
          <Format>String</Format>
          <Name>Operation</Name>
          <Value
            xsi:type="xsd:string">1045</Value>
        </SCIItem>
        <SCIItem>
          <Format>String</Format>
          <Name>OCRNumber</Name>
          <Value
            xsi:type="xsd:string">WHKU201A</Value>
        </SCIItem>
      </Items>
    </Item>
  </Primary>
  <Secondary />
</SCITransaction>
IN <--9/10/2015 7:23:59 PM   
[<SCITransaction xmlns:xsi="http://www.w3.org/2001/XMLSchema-instance" xmlns:xsd="http://www.w3.org/2001/XMLSchema">
  <MessageType>Secondary</MessageType>
  <DeviceId>0</DeviceId>
  <Id>4</Id>
  <Name>Mitecs GetLotDetails by Slider Serial number.</Name>
  <NeedReply>false</NeedReply>
  <Primary>
    <CommandID>MES_OCR</CommandID>
    <Item>
      <Format>List</Format>
      <Items>
        <SCIItem>
          <Format>String</Format>
          <Items />
          <Name>Operation</Name>
          <Value
            xsi:type="xsd:string">1045</Value>
        </SCIItem>
        <SCIItem>
          <Format>String</Format>
          <Items />
          <Name>OCRNumber</Name>
          <Value
            xsi:type="xsd:string">WHKU201A</Value>
        </SCIItem>
      </Items>
    </Item>
  </Primary>
  <Secondary>
    <CommandID>MES_Data</CommandID>
    <Item>
      <Format>List</Format>
      <Items>
        <SCIItem>
          <Format>String</Format>
          <Items />
          <Name>LotNumber</Name>
          <Value
            xsi:type="xsd:string">WHKU&amp;C07</Value>
        </SCIItem>
        <SCIItem>
          <Format>String</Format>
          <Items />
          <Name>LotTpye</Name>
          <Value
            xsi:type="xsd:string">XLOT</Value>
        </SCIItem>
        <SCIItem>
          <Format>String</Format>
          <Items />
          <Name>Ref. bar</Name>
          <Value
            xsi:type="xsd:string">01</Value>
        </SCIItem>
        <SCIItem>
          <Format>String</Format>
          <Items />
          <Name>Real bar</Name>
          <Value
            xsi:type="xsd:string">01</Value>
        </SCIItem>
        <SCIItem>
          <Format>String</Format>
          <Items />
          <Name>ErrorMessage</Name>
          <Value
            xsi:type="xsd:string">4</Value>
        </SCIItem>
      </Items>
    </Item>
  </Secondary>
</SCITransaction>]

OUT--> 9/10/2015 7:23:59 PM   
<SCITransaction xmlns:xsi="http://www.w3.org/2001/XMLSchema-instance" xmlns:xsd="http://www.w3.org/2001/XMLSchema">
  <MessageType>Primary</MessageType>
  <DeviceId>0</DeviceId>
  <Id>5</Id>
  <Name>Mitecs GetLotDetails by Slider Serial number.</Name>
  <NeedReply>true</NeedReply>
  <Primary>
    <CommandID>MES_OCR</CommandID>
    <Item>
      <Format>List</Format>
      <Items>
        <SCIItem>
          <Format>String</Format>
          <Name>Operation</Name>
          <Value
            xsi:type="xsd:string">1045</Value>
        </SCIItem>
        <SCIItem>
          <Format>String</Format>
          <Name>OCRNumber</Name>
          <Value
            xsi:type="xsd:string">WHKU201A</Value>
        </SCIItem>
      </Items>
    </Item>
  </Primary>
  <Secondary />
</SCITransaction>
IN <--9/10/2015 7:23:59 PM   
[<SCITransaction xmlns:xsi="http://www.w3.org/2001/XMLSchema-instance" xmlns:xsd="http://www.w3.org/2001/XMLSchema">
  <MessageType>Secondary</MessageType>
  <DeviceId>0</DeviceId>
  <Id>5</Id>
  <Name>Mitecs GetLotDetails by Slider Serial number.</Name>
  <NeedReply>false</NeedReply>
  <Primary>
    <CommandID>MES_OCR</CommandID>
    <Item>
      <Format>List</Format>
      <Items>
        <SCIItem>
          <Format>String</Format>
          <Items />
          <Name>Operation</Name>
          <Value
            xsi:type="xsd:string">1045</Value>
        </SCIItem>
        <SCIItem>
          <Format>String</Format>
          <Items />
          <Name>OCRNumber</Name>
          <Value
            xsi:type="xsd:string">WHKU201A</Value>
        </SCIItem>
      </Items>
    </Item>
  </Primary>
  <Secondary>
    <CommandID>MES_Data</CommandID>
    <Item>
      <Format>List</Format>
      <Items>
        <SCIItem>
          <Format>String</Format>
          <Items />
          <Name>LotNumber</Name>
          <Value
            xsi:type="xsd:string">WHKU&amp;C07</Value>
        </SCIItem>
        <SCIItem>
          <Format>String</Format>
          <Items />
          <Name>LotTpye</Name>
          <Value
            xsi:type="xsd:string">XLOT</Value>
        </SCIItem>
        <SCIItem>
          <Format>String</Format>
          <Items />
          <Name>Ref. bar</Name>
          <Value
            xsi:type="xsd:string">01</Value>
        </SCIItem>
        <SCIItem>
          <Format>String</Format>
          <Items />
          <Name>Real bar</Name>
          <Value
            xsi:type="xsd:string">01</Value>
        </SCIItem>
        <SCIItem>
          <Format>String</Format>
          <Items />
          <Name>ErrorMessage</Name>
          <Value
            xsi:type="xsd:string">4</Value>
        </SCIItem>
      </Items>
    </Item>
  </Secondary>
</SCITransaction>]

OUT--> 9/10/2015 7:23:59 PM   
<SCITransaction xmlns:xsi="http://www.w3.org/2001/XMLSchema-instance" xmlns:xsd="http://www.w3.org/2001/XMLSchema">
  <MessageType>Primary</MessageType>
  <DeviceId>0</DeviceId>
  <Id>6</Id>
  <Name>Mitecs GetLotDetails by Slider Serial number.</Name>
  <NeedReply>true</NeedReply>
  <Primary>
    <CommandID>MES_OCR</CommandID>
    <Item>
      <Format>List</Format>
      <Items>
        <SCIItem>
          <Format>String</Format>
          <Name>Operation</Name>
          <Value
            xsi:type="xsd:string">1045</Value>
        </SCIItem>
        <SCIItem>
          <Format>String</Format>
          <Name>OCRNumber</Name>
          <Value
            xsi:type="xsd:string">WHKU201A</Value>
        </SCIItem>
      </Items>
    </Item>
  </Primary>
  <Secondary />
</SCITransaction>
IN <--9/10/2015 7:23:59 PM   
[<SCITransaction xmlns:xsi="http://www.w3.org/2001/XMLSchema-instance" xmlns:xsd="http://www.w3.org/2001/XMLSchema">
  <MessageType>Secondary</MessageType>
  <DeviceId>0</DeviceId>
  <Id>6</Id>
  <Name>Mitecs GetLotDetails by Slider Serial number.</Name>
  <NeedReply>false</NeedReply>
  <Primary>
    <CommandID>MES_OCR</CommandID>
    <Item>
      <Format>List</Format>
      <Items>
        <SCIItem>
          <Format>String</Format>
          <Items />
          <Name>Operation</Name>
          <Value
            xsi:type="xsd:string">1045</Value>
        </SCIItem>
        <SCIItem>
          <Format>String</Format>
          <Items />
          <Name>OCRNumber</Name>
          <Value
            xsi:type="xsd:string">WHKU201A</Value>
        </SCIItem>
      </Items>
    </Item>
  </Primary>
  <Secondary>
    <CommandID>MES_Data</CommandID>
    <Item>
      <Format>List</Format>
      <Items>
        <SCIItem>
          <Format>String</Format>
          <Items />
          <Name>LotNumber</Name>
          <Value
            xsi:type="xsd:string">WHKU&amp;C07</Value>
        </SCIItem>
        <SCIItem>
          <Format>String</Format>
          <Items />
          <Name>LotTpye</Name>
          <Value
            xsi:type="xsd:string">XLOT</Value>
        </SCIItem>
        <SCIItem>
          <Format>String</Format>
          <Items />
          <Name>Ref. bar</Name>
          <Value
            xsi:type="xsd:string">01</Value>
        </SCIItem>
        <SCIItem>
          <Format>String</Format>
          <Items />
          <Name>Real bar</Name>
          <Value
            xsi:type="xsd:string">01</Value>
        </SCIItem>
        <SCIItem>
          <Format>String</Format>
          <Items />
          <Name>ErrorMessage</Name>
          <Value
            xsi:type="xsd:string">4</Value>
        </SCIItem>
      </Items>
    </Item>
  </Secondary>
</SCITransaction>]

OUT--> 9/10/2015 7:23:59 PM   
<SCITransaction xmlns:xsi="http://www.w3.org/2001/XMLSchema-instance" xmlns:xsd="http://www.w3.org/2001/XMLSchema">
  <MessageType>Primary</MessageType>
  <DeviceId>0</DeviceId>
  <Id>7</Id>
  <Name>Mitecs GetLotDetails by Slider Serial number.</Name>
  <NeedReply>true</NeedReply>
  <Primary>
    <CommandID>MES_OCR</CommandID>
    <Item>
      <Format>List</Format>
      <Items>
        <SCIItem>
          <Format>String</Format>
          <Name>Operation</Name>
          <Value
            xsi:type="xsd:string">1045</Value>
        </SCIItem>
        <SCIItem>
          <Format>String</Format>
          <Name>OCRNumber</Name>
          <Value
            xsi:type="xsd:string">WHKU201A</Value>
        </SCIItem>
      </Items>
    </Item>
  </Primary>
  <Secondary />
</SCITransaction>
IN <--9/10/2015 7:23:59 PM   
[<SCITransaction xmlns:xsi="http://www.w3.org/2001/XMLSchema-instance" xmlns:xsd="http://www.w3.org/2001/XMLSchema">
  <MessageType>Secondary</MessageType>
  <DeviceId>0</DeviceId>
  <Id>7</Id>
  <Name>Mitecs GetLotDetails by Slider Serial number.</Name>
  <NeedReply>false</NeedReply>
  <Primary>
    <CommandID>MES_OCR</CommandID>
    <Item>
      <Format>List</Format>
      <Items>
        <SCIItem>
          <Format>String</Format>
          <Items />
          <Name>Operation</Name>
          <Value
            xsi:type="xsd:string">1045</Value>
        </SCIItem>
        <SCIItem>
          <Format>String</Format>
          <Items />
          <Name>OCRNumber</Name>
          <Value
            xsi:type="xsd:string">WHKU201A</Value>
        </SCIItem>
      </Items>
    </Item>
  </Primary>
  <Secondary>
    <CommandID>MES_Data</CommandID>
    <Item>
      <Format>List</Format>
      <Items>
        <SCIItem>
          <Format>String</Format>
          <Items />
          <Name>LotNumber</Name>
          <Value
            xsi:type="xsd:string">WHKU&amp;C07</Value>
        </SCIItem>
        <SCIItem>
          <Format>String</Format>
          <Items />
          <Name>LotTpye</Name>
          <Value
            xsi:type="xsd:string">XLOT</Value>
        </SCIItem>
        <SCIItem>
          <Format>String</Format>
          <Items />
          <Name>Ref. bar</Name>
          <Value
            xsi:type="xsd:string">01</Value>
        </SCIItem>
        <SCIItem>
          <Format>String</Format>
          <Items />
          <Name>Real bar</Name>
          <Value
            xsi:type="xsd:string">01</Value>
        </SCIItem>
        <SCIItem>
          <Format>String</Format>
          <Items />
          <Name>ErrorMessage</Name>
          <Value
            xsi:type="xsd:string">4</Value>
        </SCIItem>
      </Items>
    </Item>
  </Secondary>
</SCITransaction>]

OUT--> 9/10/2015 7:24:00 PM   
<SCITransaction xmlns:xsi="http://www.w3.org/2001/XMLSchema-instance" xmlns:xsd="http://www.w3.org/2001/XMLSchema">
  <MessageType>Primary</MessageType>
  <DeviceId>0</DeviceId>
  <Id>8</Id>
  <Name>Mitecs GetLotDetails by Slider Serial number.</Name>
  <NeedReply>true</NeedReply>
  <Primary>
    <CommandID>MES_OCR</CommandID>
    <Item>
      <Format>List</Format>
      <Items>
        <SCIItem>
          <Format>String</Format>
          <Name>Operation</Name>
          <Value
            xsi:type="xsd:string">1045</Value>
        </SCIItem>
        <SCIItem>
          <Format>String</Format>
          <Name>OCRNumber</Name>
          <Value
            xsi:type="xsd:string">WHKU201A</Value>
        </SCIItem>
      </Items>
    </Item>
  </Primary>
  <Secondary />
</SCITransaction>
IN <--9/10/2015 7:24:00 PM   
[<SCITransaction xmlns:xsi="http://www.w3.org/2001/XMLSchema-instance" xmlns:xsd="http://www.w3.org/2001/XMLSchema">
  <MessageType>Secondary</MessageType>
  <DeviceId>0</DeviceId>
  <Id>8</Id>
  <Name>Mitecs GetLotDetails by Slider Serial number.</Name>
  <NeedReply>false</NeedReply>
  <Primary>
    <CommandID>MES_OCR</CommandID>
    <Item>
      <Format>List</Format>
      <Items>
        <SCIItem>
          <Format>String</Format>
          <Items />
          <Name>Operation</Name>
          <Value
            xsi:type="xsd:string">1045</Value>
        </SCIItem>
        <SCIItem>
          <Format>String</Format>
          <Items />
          <Name>OCRNumber</Name>
          <Value
            xsi:type="xsd:string">WHKU201A</Value>
        </SCIItem>
      </Items>
    </Item>
  </Primary>
  <Secondary>
    <CommandID>MES_Data</CommandID>
    <Item>
      <Format>List</Format>
      <Items>
        <SCIItem>
          <Format>String</Format>
          <Items />
          <Name>LotNumber</Name>
          <Value
            xsi:type="xsd:string">WHKU&amp;C07</Value>
        </SCIItem>
        <SCIItem>
          <Format>String</Format>
          <Items />
          <Name>LotTpye</Name>
          <Value
            xsi:type="xsd:string">XLOT</Value>
        </SCIItem>
        <SCIItem>
          <Format>String</Format>
          <Items />
          <Name>Ref. bar</Name>
          <Value
            xsi:type="xsd:string">01</Value>
        </SCIItem>
        <SCIItem>
          <Format>String</Format>
          <Items />
          <Name>Real bar</Name>
          <Value
            xsi:type="xsd:string">01</Value>
        </SCIItem>
        <SCIItem>
          <Format>String</Format>
          <Items />
          <Name>ErrorMessage</Name>
          <Value
            xsi:type="xsd:string">4</Value>
        </SCIItem>
      </Items>
    </Item>
  </Secondary>
</SCITransaction>]

OUT--> 9/10/2015 7:24:00 PM   
<SCITransaction xmlns:xsi="http://www.w3.org/2001/XMLSchema-instance" xmlns:xsd="http://www.w3.org/2001/XMLSchema">
  <MessageType>Primary</MessageType>
  <DeviceId>0</DeviceId>
  <Id>9</Id>
  <Name>Mitecs GetLotDetails by Slider Serial number.</Name>
  <NeedReply>true</NeedReply>
  <Primary>
    <CommandID>MES_OCR</CommandID>
    <Item>
      <Format>List</Format>
      <Items>
        <SCIItem>
          <Format>String</Format>
          <Name>Operation</Name>
          <Value
            xsi:type="xsd:string">1045</Value>
        </SCIItem>
        <SCIItem>
          <Format>String</Format>
          <Name>OCRNumber</Name>
          <Value
            xsi:type="xsd:string">WHKU201A</Value>
        </SCIItem>
      </Items>
    </Item>
  </Primary>
  <Secondary />
</SCITransaction>
IN <--9/10/2015 7:24:00 PM   
[<SCITransaction xmlns:xsi="http://www.w3.org/2001/XMLSchema-instance" xmlns:xsd="http://www.w3.org/2001/XMLSchema">
  <MessageType>Secondary</MessageType>
  <DeviceId>0</DeviceId>
  <Id>9</Id>
  <Name>Mitecs GetLotDetails by Slider Serial number.</Name>
  <NeedReply>false</NeedReply>
  <Primary>
    <CommandID>MES_OCR</CommandID>
    <Item>
      <Format>List</Format>
      <Items>
        <SCIItem>
          <Format>String</Format>
          <Items />
          <Name>Operation</Name>
          <Value
            xsi:type="xsd:string">1045</Value>
        </SCIItem>
        <SCIItem>
          <Format>String</Format>
          <Items />
          <Name>OCRNumber</Name>
          <Value
            xsi:type="xsd:string">WHKU201A</Value>
        </SCIItem>
      </Items>
    </Item>
  </Primary>
  <Secondary>
    <CommandID>MES_Data</CommandID>
    <Item>
      <Format>List</Format>
      <Items>
        <SCIItem>
          <Format>String</Format>
          <Items />
          <Name>LotNumber</Name>
          <Value
            xsi:type="xsd:string">WHKU&amp;C07</Value>
        </SCIItem>
        <SCIItem>
          <Format>String</Format>
          <Items />
          <Name>LotTpye</Name>
          <Value
            xsi:type="xsd:string">XLOT</Value>
        </SCIItem>
        <SCIItem>
          <Format>String</Format>
          <Items />
          <Name>Ref. bar</Name>
          <Value
            xsi:type="xsd:string">01</Value>
        </SCIItem>
        <SCIItem>
          <Format>String</Format>
          <Items />
          <Name>Real bar</Name>
          <Value
            xsi:type="xsd:string">01</Value>
        </SCIItem>
        <SCIItem>
          <Format>String</Format>
          <Items />
          <Name>ErrorMessage</Name>
          <Value
            xsi:type="xsd:string">4</Value>
        </SCIItem>
      </Items>
    </Item>
  </Secondary>
</SCITransaction>]

OUT--> 9/10/2015 7:24:00 PM   
<SCITransaction xmlns:xsi="http://www.w3.org/2001/XMLSchema-instance" xmlns:xsd="http://www.w3.org/2001/XMLSchema">
  <MessageType>Primary</MessageType>
  <DeviceId>0</DeviceId>
  <Id>10</Id>
  <Name>Mitecs GetLotDetails by Slider Serial number.</Name>
  <NeedReply>true</NeedReply>
  <Primary>
    <CommandID>MES_OCR</CommandID>
    <Item>
      <Format>List</Format>
      <Items>
        <SCIItem>
          <Format>String</Format>
          <Name>Operation</Name>
          <Value
            xsi:type="xsd:string">1045</Value>
        </SCIItem>
        <SCIItem>
          <Format>String</Format>
          <Name>OCRNumber</Name>
          <Value
            xsi:type="xsd:string">WHKU201A</Value>
        </SCIItem>
      </Items>
    </Item>
  </Primary>
  <Secondary />
</SCITransaction>
IN <--9/10/2015 7:24:00 PM   
[<SCITransaction xmlns:xsi="http://www.w3.org/2001/XMLSchema-instance" xmlns:xsd="http://www.w3.org/2001/XMLSchema">
  <MessageType>Secondary</MessageType>
  <DeviceId>0</DeviceId>
  <Id>10</Id>
  <Name>Mitecs GetLotDetails by Slider Serial number.</Name>
  <NeedReply>false</NeedReply>
  <Primary>
    <CommandID>MES_OCR</CommandID>
    <Item>
      <Format>List</Format>
      <Items>
        <SCIItem>
          <Format>String</Format>
          <Items />
          <Name>Operation</Name>
          <Value
            xsi:type="xsd:string">1045</Value>
        </SCIItem>
        <SCIItem>
          <Format>String</Format>
          <Items />
          <Name>OCRNumber</Name>
          <Value
            xsi:type="xsd:string">WHKU201A</Value>
        </SCIItem>
      </Items>
    </Item>
  </Primary>
  <Secondary>
    <CommandID>MES_Data</CommandID>
    <Item>
      <Format>List</Format>
      <Items>
        <SCIItem>
          <Format>String</Format>
          <Items />
          <Name>LotNumber</Name>
          <Value
            xsi:type="xsd:string">WHKU&amp;C07</Value>
        </SCIItem>
        <SCIItem>
          <Format>String</Format>
          <Items />
          <Name>LotTpye</Name>
          <Value
            xsi:type="xsd:string">XLOT</Value>
        </SCIItem>
        <SCIItem>
          <Format>String</Format>
          <Items />
          <Name>Ref. bar</Name>
          <Value
            xsi:type="xsd:string">01</Value>
        </SCIItem>
        <SCIItem>
          <Format>String</Format>
          <Items />
          <Name>Real bar</Name>
          <Value
            xsi:type="xsd:string">01</Value>
        </SCIItem>
        <SCIItem>
          <Format>String</Format>
          <Items />
          <Name>ErrorMessage</Name>
          <Value
            xsi:type="xsd:string">4</Value>
        </SCIItem>
      </Items>
    </Item>
  </Secondary>
</SCITransaction>]

OUT--> 9/10/2015 7:24:00 PM   
<SCITransaction xmlns:xsi="http://www.w3.org/2001/XMLSchema-instance" xmlns:xsd="http://www.w3.org/2001/XMLSchema">
  <MessageType>Primary</MessageType>
  <DeviceId>0</DeviceId>
  <Id>11</Id>
  <Name>Mitecs GetLotDetails by Slider Serial number.</Name>
  <NeedReply>true</NeedReply>
  <Primary>
    <CommandID>MES_OCR</CommandID>
    <Item>
      <Format>List</Format>
      <Items>
        <SCIItem>
          <Format>String</Format>
          <Name>Operation</Name>
          <Value
            xsi:type="xsd:string">1045</Value>
        </SCIItem>
        <SCIItem>
          <Format>String</Format>
          <Name>OCRNumber</Name>
          <Value
            xsi:type="xsd:string">WHKU201A</Value>
        </SCIItem>
      </Items>
    </Item>
  </Primary>
  <Secondary />
</SCITransaction>
IN <--9/10/2015 7:24:00 PM   
[<SCITransaction xmlns:xsi="http://www.w3.org/2001/XMLSchema-instance" xmlns:xsd="http://www.w3.org/2001/XMLSchema">
  <MessageType>Secondary</MessageType>
  <DeviceId>0</DeviceId>
  <Id>11</Id>
  <Name>Mitecs GetLotDetails by Slider Serial number.</Name>
  <NeedReply>false</NeedReply>
  <Primary>
    <CommandID>MES_OCR</CommandID>
    <Item>
      <Format>List</Format>
      <Items>
        <SCIItem>
          <Format>String</Format>
          <Items />
          <Name>Operation</Name>
          <Value
            xsi:type="xsd:string">1045</Value>
        </SCIItem>
        <SCIItem>
          <Format>String</Format>
          <Items />
          <Name>OCRNumber</Name>
          <Value
            xsi:type="xsd:string">WHKU201A</Value>
        </SCIItem>
      </Items>
    </Item>
  </Primary>
  <Secondary>
    <CommandID>MES_Data</CommandID>
    <Item>
      <Format>List</Format>
      <Items>
        <SCIItem>
          <Format>String</Format>
          <Items />
          <Name>LotNumber</Name>
          <Value
            xsi:type="xsd:string">WHKU&amp;C07</Value>
        </SCIItem>
        <SCIItem>
          <Format>String</Format>
          <Items />
          <Name>LotTpye</Name>
          <Value
            xsi:type="xsd:string">XLOT</Value>
        </SCIItem>
        <SCIItem>
          <Format>String</Format>
          <Items />
          <Name>Ref. bar</Name>
          <Value
            xsi:type="xsd:string">01</Value>
        </SCIItem>
        <SCIItem>
          <Format>String</Format>
          <Items />
          <Name>Real bar</Name>
          <Value
            xsi:type="xsd:string">01</Value>
        </SCIItem>
        <SCIItem>
          <Format>String</Format>
          <Items />
          <Name>ErrorMessage</Name>
          <Value
            xsi:type="xsd:string">4</Value>
        </SCIItem>
      </Items>
    </Item>
  </Secondary>
</SCITransaction>]

