OUT--> 9/7/2015 6:03:31 PM    
<SCITransaction xmlns:xsd="http://www.w3.org/2001/XMLSchema" xmlns:xsi="http://www.w3.org/2001/XMLSchema-instance">
  <MessageType>Primary</MessageType>
  <DeviceId>0</DeviceId>
  <Id>1</Id>
  <Name>Event:FinishedInitialize</Name>
  <NeedReply>false</NeedReply>
  <Primary>
    <CommandID>Event:FinishedInitialize</CommandID>
  </Primary>
  <Secondary />
</SCITransaction>
OUT--> 9/7/2015 6:03:51 PM    
<SCITransaction xmlns:xsd="http://www.w3.org/2001/XMLSchema" xmlns:xsi="http://www.w3.org/2001/XMLSchema-instance">
  <MessageType>Primary</MessageType>
  <DeviceId>0</DeviceId>
  <Id>2</Id>
  <Name>Mitecs GetLotDetails by Slider Serial number.</Name>
  <NeedReply>true</NeedReply>
  <Primary>
    <CommandID>MES_OCR</CommandID>
  </Primary>
  <Secondary />
</SCITransaction>
IN <--9/7/2015 6:03:51 PM    
[<SCITransaction xmlns:xsd="http://www.w3.org/2001/XMLSchema" xmlns:xsi="http://www.w3.org/2001/XMLSchema-instance">
  <MessageType>Secondary</MessageType>
  <DeviceId>0</DeviceId>
  <Id>2</Id>
  <Name>Mitecs GetLotDetails by Slider Serial number.</Name>
  <NeedReply>false</NeedReply>
  <Primary>
    <CommandID>MES_OCR</CommandID>
  </Primary>
  <Secondary>
    <CommandID>MES_Data</CommandID>
    <Item>
      <Format>List</Format>
      <Items>
        <SCIItem>
          <Format>String</Format>
          <Items />
          <Name>LotNumber</Name>
          <Value
            xsi:type="xsd:string">WHFFA_E</Value>
        </SCIItem>
        <SCIItem>
          <Format>String</Format>
          <Items />
          <Name>LotTpye</Name>
          <Value
            xsi:type="xsd:string">SISTER LOT</Value>
        </SCIItem>
        <SCIItem>
          <Format>String</Format>
          <Items />
          <Name>Ref. bar</Name>
          <Value
            xsi:type="xsd:string">3</Value>
        </SCIItem>
        <SCIItem>
          <Format>String</Format>
          <Items />
          <Name>Real bar</Name>
          <Value
            xsi:type="xsd:string">4</Value>
        </SCIItem>
      </Items>
    </Item>
  </Secondary>
</SCITransaction>]

OUT--> 9/7/2015 6:04:08 PM    
<SCITransaction xmlns:xsd="http://www.w3.org/2001/XMLSchema" xmlns:xsi="http://www.w3.org/2001/XMLSchema-instance">
  <MessageType>Primary</MessageType>
  <DeviceId>0</DeviceId>
  <Id>3</Id>
  <Name>Event:FinishedInitialize</Name>
  <NeedReply>false</NeedReply>
  <Primary>
    <CommandID>Event:FinishedInitialize</CommandID>
  </Primary>
  <Secondary />
</SCITransaction>
