OUT--> 9/8/2015 8:53:38 AM    
<SCITransaction xmlns:xsd="http://www.w3.org/2001/XMLSchema" xmlns:xsi="http://www.w3.org/2001/XMLSchema-instance">
  <MessageType>Primary</MessageType>
  <DeviceId>0</DeviceId>
  <Id>1</Id>
  <Name>Event:FinishedInitialize</Name>
  <NeedReply>false</NeedReply>
  <Primary>
    <CommandID>Event:FinishedInitialize</CommandID>
  </Primary>
  <Secondary />
</SCITransaction>
OUT--> 9/8/2015 8:53:40 AM    
<SCITransaction xmlns:xsd="http://www.w3.org/2001/XMLSchema" xmlns:xsi="http://www.w3.org/2001/XMLSchema-instance">
  <MessageType>Primary</MessageType>
  <DeviceId>0</DeviceId>
  <Id>2</Id>
  <Name>Mitecs GetLotDetails by Slider Serial number.</Name>
  <NeedReply>true</NeedReply>
  <Primary>
    <CommandID>CHANGE_XXX</CommandID>
  </Primary>
  <Secondary />
</SCITransaction>
9/8/2015 8:53:50 AM    Transaction: 2 Timeout [T3]
OUT--> 9/8/2015 8:53:50 AM    
<SCITransaction xmlns:xsd="http://www.w3.org/2001/XMLSchema" xmlns:xsi="http://www.w3.org/2001/XMLSchema-instance">
  <MessageType>Primary</MessageType>
  <DeviceId>0</DeviceId>
  <Id>3</Id>
  <Name>Mitecs GetLotDetails by Slider Serial number.</Name>
  <NeedReply>true</NeedReply>
  <Primary>
    <CommandID>CHANGE_XXX</CommandID>
  </Primary>
  <Secondary />
</SCITransaction>
OUT--> 9/8/2015 8:53:52 AM    
<SCITransaction xmlns:xsd="http://www.w3.org/2001/XMLSchema" xmlns:xsi="http://www.w3.org/2001/XMLSchema-instance">
  <MessageType>Primary</MessageType>
  <DeviceId>0</DeviceId>
  <Id>4</Id>
  <Name>Mitecs GetLotDetails by Slider Serial number.</Name>
  <NeedReply>true</NeedReply>
  <Primary>
    <CommandID>CHANGE_XXX</CommandID>
  </Primary>
  <Secondary />
</SCITransaction>
OUT--> 9/8/2015 8:53:53 AM    
<SCITransaction xmlns:xsd="http://www.w3.org/2001/XMLSchema" xmlns:xsi="http://www.w3.org/2001/XMLSchema-instance">
  <MessageType>Primary</MessageType>
  <DeviceId>0</DeviceId>
  <Id>5</Id>
  <Name>Mitecs GetLotDetails by Slider Serial number.</Name>
  <NeedReply>true</NeedReply>
  <Primary>
    <CommandID>CHANGE_XXX</CommandID>
  </Primary>
  <Secondary />
</SCITransaction>
OUT--> 9/8/2015 8:53:57 AM    
<SCITransaction xmlns:xsd="http://www.w3.org/2001/XMLSchema" xmlns:xsi="http://www.w3.org/2001/XMLSchema-instance">
  <MessageType>Primary</MessageType>
  <DeviceId>0</DeviceId>
  <Id>6</Id>
  <Name>Mitecs GetLotDetails by Slider Serial number.</Name>
  <NeedReply>true</NeedReply>
  <Primary>
    <CommandID>CHANGE_XXX</CommandID>
  </Primary>
  <Secondary />
</SCITransaction>
OUT--> 9/8/2015 8:54:06 AM    
<SCITransaction xmlns:xsd="http://www.w3.org/2001/XMLSchema" xmlns:xsi="http://www.w3.org/2001/XMLSchema-instance">
  <MessageType>Primary</MessageType>
  <DeviceId>0</DeviceId>
  <Id>1</Id>
  <Name>Event:FinishedInitialize</Name>
  <NeedReply>false</NeedReply>
  <Primary>
    <CommandID>Event:FinishedInitialize</CommandID>
  </Primary>
  <Secondary />
</SCITransaction>
OUT--> 9/8/2015 8:54:07 AM    
<SCITransaction xmlns:xsd="http://www.w3.org/2001/XMLSchema" xmlns:xsi="http://www.w3.org/2001/XMLSchema-instance">
  <MessageType>Primary</MessageType>
  <DeviceId>0</DeviceId>
  <Id>2</Id>
  <Name>Mitecs GetLotDetails by Slider Serial number.</Name>
  <NeedReply>true</NeedReply>
  <Primary>
    <CommandID>CHANGE_XXX</CommandID>
  </Primary>
  <Secondary />
</SCITransaction>
