[INFORMATION]
DATE=5/8/2017
TIME START=2:07:37 PM
TIME END=2:10:45 PM
USED TIME=03:08
TESTER NUMBER=iAVI
CUSTOMER=WD
PRODUCT=PALMER_8_SD
USER=
TRAYID=AW0006380J
LOTNUMBER=WWMK_BB2
DOCCONTROL1=70634-E4-B
DOCCONTROL2=N26110NE-R00
SUS=HTOM2MR
ASSYLINE=B4A2


[SERIAL]
HGAN1=WWMK6964
HGAN2=WWMK597D
HGAN3=WWMK597V
HGAN4=WWMK698G
HGAN5=WWMK698Y
HGAN6=WWMK699D
HGAN7=WWMK699V
HGAN8=WWMK699Y
HGAN9=WWMK6A0G
HGAN10=WWMK5A0G
HGAN11=WWMK590S
HGAN12=????????
HGAN13=WWMK691D
HGAN14=WWMK591T
HGAN15=????????
HGAN16=WWMK692U
HGAN17=WWMK592M
HGAN18=WWMK693F
HGAN19=WWMK593S
HGAN20=WWMK694F
HGAN21=
HGAN22=
HGAN23=
HGAN24=
HGAN25=
HGAN26=
HGAN27=
HGAN28=
HGAN29=
HGAN30=
HGAN31=
HGAN32=
HGAN33=
HGAN34=
HGAN35=
HGAN36=
HGAN37=
HGAN38=
HGAN39=
HGAN40=
HGAN41=
HGAN42=
HGAN43=
HGAN44=
HGAN45=
HGAN46=
HGAN47=
HGAN48=
HGAN49=
HGAN50=
HGAN51=
HGAN52=
HGAN53=
HGAN54=
HGAN55=
HGAN56=
HGAN57=
HGAN58=
HGAN59=
HGAN60=
