[INFORMATION]
DATE=8/2/2019
TIME START=5:24:38 PM
TIME END=5:25:06 PM
USED TIME=00:28
TESTER NUMBER=iAVI-01
CUSTOMER=WD
PRODUCT=CARMELG_A8_SD
USER=
TRAYID=4D4098304N
LOTNUMBER=AA6B512_A1S1
DOCCONTROL1=71880-15-AM
DOCCONTROL2=A32883SN
SUS=NHK-AS5
ASSYLINE=B4A2


[SERIAL]
HGAN1=AA6B52FC07
HGAN2=AA6B52FC06
HGAN3=AA6B52FC05
HGAN4=AA6B52FA38
HGAN5=AA6B52FA37
HGAN6=AA6B52FA36
HGAN7=AA6B52FA35
HGAN8=??????????
HGAN9=AA6B52FA31
HGAN10=AA6B52FC2E
HGAN11=AA6B52FC3B
HGAN12=AA6B522E03
HGAN13=AA6B52FC34
HGAN14=AA6B52E41D
HGAN15=AA6B52EE1F
HGAN16=??????????
HGAN17=??????????
HGAN18=??????????
HGAN19=??????????
HGAN20=??????????
HGAN21=
HGAN22=
HGAN23=
HGAN24=
HGAN25=
HGAN26=
HGAN27=
HGAN28=
HGAN29=
HGAN30=
HGAN31=
HGAN32=
HGAN33=
HGAN34=
HGAN35=
HGAN36=
HGAN37=
HGAN38=
HGAN39=
HGAN40=
